<?xml version="1.0" encoding="UTF-8"?>
<coverage generated="1767811592961" clover="3.2.0">
  <project timestamp="1767811592962" name="All files">
    <metrics statements="402" coveredstatements="381" conditionals="200" coveredconditionals="134" methods="53" coveredmethods="51" elements="655" coveredelements="566" complexity="0" loc="402" ncloc="402" packages="6" files="24" classes="24"/>
    <package name="src">
      <metrics statements="41" coveredstatements="40" conditionals="4" coveredconditionals="2" methods="2" coveredmethods="1"/>
      <file name="app.ts" path="C:\Users\karlo\workspace\repo\group-1068862\etnair\api\src\app.ts">
        <metrics statements="29" coveredstatements="29" conditionals="2" coveredconditionals="1" methods="2" coveredmethods="1"/>
        <line num="1" count="12" type="stmt"/>
        <line num="2" count="12" type="stmt"/>
        <line num="3" count="12" type="stmt"/>
        <line num="4" count="12" type="stmt"/>
        <line num="5" count="12" type="stmt"/>
        <line num="6" count="12" type="stmt"/>
        <line num="7" count="12" type="stmt"/>
        <line num="8" count="12" type="stmt"/>
        <line num="9" count="12" type="stmt"/>
        <line num="11" count="12" type="stmt"/>
        <line num="12" count="12" type="stmt"/>
        <line num="13" count="12" type="stmt"/>
        <line num="17" count="12" type="stmt"/>
        <line num="21" count="12" type="stmt"/>
        <line num="22" count="12" type="stmt"/>
        <line num="23" count="12" type="stmt"/>
        <line num="24" count="12" type="stmt"/>
        <line num="26" count="12" type="cond" truecount="1" falsecount="1"/>
        <line num="27" count="12" type="stmt"/>
        <line num="28" count="1" type="stmt"/>
        <line num="33" count="12" type="stmt"/>
        <line num="34" count="12" type="stmt"/>
        <line num="35" count="12" type="stmt"/>
        <line num="36" count="12" type="stmt"/>
        <line num="37" count="12" type="stmt"/>
        <line num="38" count="12" type="stmt"/>
        <line num="39" count="12" type="stmt"/>
        <line num="41" count="12" type="stmt"/>
        <line num="43" count="12" type="stmt"/>
      </file>
      <file name="prisma.ts" path="C:\Users\karlo\workspace\repo\group-1068862\etnair\api\src\prisma.ts">
        <metrics statements="10" coveredstatements="9" conditionals="2" coveredconditionals="1" methods="0" coveredmethods="0"/>
        <line num="1" count="13" type="stmt"/>
        <line num="2" count="13" type="stmt"/>
        <line num="3" count="13" type="stmt"/>
        <line num="4" count="13" type="stmt"/>
        <line num="6" count="13" type="stmt"/>
        <line num="7" count="13" type="cond" truecount="1" falsecount="1"/>
        <line num="8" count="0" type="stmt"/>
        <line num="11" count="13" type="stmt"/>
        <line num="15" count="13" type="stmt"/>
        <line num="17" count="13" type="stmt"/>
      </file>
      <file name="swagger.ts" path="C:\Users\karlo\workspace\repo\group-1068862\etnair\api\src\swagger.ts">
        <metrics statements="2" coveredstatements="2" conditionals="0" coveredconditionals="0" methods="0" coveredmethods="0"/>
        <line num="1" count="12" type="stmt"/>
        <line num="3" count="12" type="stmt"/>
      </file>
    </package>
    <package name="src.controllers">
      <metrics statements="100" coveredstatements="95" conditionals="34" coveredconditionals="26" methods="15" coveredmethods="15"/>
      <file name="auth.controller.ts" path="C:\Users\karlo\workspace\repo\group-1068862\etnair\api\src\controllers\auth.controller.ts">
        <metrics statements="15" coveredstatements="13" conditionals="10" coveredconditionals="8" methods="2" coveredmethods="2"/>
        <line num="2" count="12" type="stmt"/>
        <line num="3" count="12" type="stmt"/>
        <line num="4" count="12" type="stmt"/>
        <line num="8" count="12" type="stmt"/>
        <line num="9" count="26" type="stmt"/>
        <line num="17" count="26" type="cond" truecount="5" falsecount="1"/>
        <line num="18" count="0" type="stmt"/>
        <line num="21" count="26" type="stmt"/>
        <line num="29" count="26" type="stmt"/>
        <line num="32" count="12" type="stmt"/>
        <line num="33" count="25" type="stmt"/>
        <line num="35" count="25" type="cond" truecount="3" falsecount="1"/>
        <line num="36" count="0" type="stmt"/>
        <line num="39" count="25" type="stmt"/>
        <line num="40" count="24" type="stmt"/>
      </file>
      <file name="bookings.controller.ts" path="C:\Users\karlo\workspace\repo\group-1068862\etnair\api\src\controllers\bookings.controller.ts">
        <metrics statements="33" coveredstatements="32" conditionals="5" coveredconditionals="4" methods="6" coveredmethods="6"/>
        <line num="2" count="12" type="stmt"/>
        <line num="3" count="12" type="stmt"/>
        <line num="4" count="12" type="stmt"/>
        <line num="6" count="12" type="stmt"/>
        <line num="7" count="5" type="stmt"/>
        <line num="9" count="5" type="stmt"/>
        <line num="15" count="5" type="cond" truecount="4" falsecount="1"/>
        <line num="16" count="0" type="stmt"/>
        <line num="19" count="5" type="stmt"/>
        <line num="20" count="5" type="stmt"/>
        <line num="23" count="12" type="stmt"/>
        <line num="24" count="1" type="stmt"/>
        <line num="25" count="1" type="stmt"/>
        <line num="26" count="1" type="stmt"/>
        <line num="29" count="12" type="stmt"/>
        <line num="30" count="1" type="stmt"/>
        <line num="31" count="1" type="stmt"/>
        <line num="32" count="1" type="stmt"/>
        <line num="35" count="12" type="stmt"/>
        <line num="36" count="1" type="stmt"/>
        <line num="37" count="1" type="stmt"/>
        <line num="39" count="1" type="stmt"/>
        <line num="40" count="1" type="stmt"/>
        <line num="43" count="12" type="stmt"/>
        <line num="44" count="1" type="stmt"/>
        <line num="45" count="1" type="stmt"/>
        <line num="47" count="1" type="stmt"/>
        <line num="48" count="1" type="stmt"/>
        <line num="51" count="12" type="stmt"/>
        <line num="52" count="1" type="stmt"/>
        <line num="53" count="1" type="stmt"/>
        <line num="55" count="1" type="stmt"/>
        <line num="56" count="1" type="stmt"/>
      </file>
      <file name="properties.controller.ts" path="C:\Users\karlo\workspace\repo\group-1068862\etnair\api\src\controllers\properties.controller.ts">
        <metrics statements="29" coveredstatements="28" conditionals="7" coveredconditionals="5" methods="5" coveredmethods="5"/>
        <line num="2" count="12" type="stmt"/>
        <line num="3" count="12" type="stmt"/>
        <line num="4" count="12" type="stmt"/>
        <line num="6" count="12" type="stmt"/>
        <line num="7" count="1" type="stmt"/>
        <line num="8" count="1" type="stmt"/>
        <line num="11" count="12" type="stmt"/>
        <line num="12" count="1" type="stmt"/>
        <line num="13" count="1" type="stmt"/>
        <line num="14" count="1" type="cond" truecount="1" falsecount="1"/>
        <line num="15" count="1" type="stmt"/>
        <line num="18" count="12" type="stmt"/>
        <line num="19" count="11" type="stmt"/>
        <line num="21" count="11" type="stmt"/>
        <line num="30" count="11" type="cond" truecount="4" falsecount="1"/>
        <line num="31" count="0" type="stmt"/>
        <line num="34" count="11" type="stmt"/>
        <line num="43" count="11" type="stmt"/>
        <line num="46" count="12" type="stmt"/>
        <line num="47" count="2" type="stmt"/>
        <line num="48" count="2" type="stmt"/>
        <line num="50" count="2" type="stmt"/>
        <line num="59" count="2" type="stmt"/>
        <line num="68" count="1" type="stmt"/>
        <line num="71" count="12" type="stmt"/>
        <line num="72" count="2" type="stmt"/>
        <line num="73" count="2" type="stmt"/>
        <line num="75" count="2" type="stmt"/>
        <line num="76" count="1" type="stmt"/>
      </file>
      <file name="users.controller.ts" path="C:\Users\karlo\workspace\repo\group-1068862\etnair\api\src\controllers\users.controller.ts">
        <metrics statements="23" coveredstatements="22" conditionals="12" coveredconditionals="9" methods="2" coveredmethods="2"/>
        <line num="2" count="12" type="stmt"/>
        <line num="3" count="12" type="stmt"/>
        <line num="12" count="12" type="stmt"/>
        <line num="13" count="2" type="stmt"/>
        <line num="14" count="2" type="cond" truecount="1" falsecount="1"/>
        <line num="16" count="2" type="stmt"/>
        <line num="17" count="2" type="stmt"/>
        <line num="20" count="2" type="stmt"/>
        <line num="21" count="2" type="stmt"/>
        <line num="23" count="2" type="cond" truecount="4" falsecount="0"/>
        <line num="24" count="1" type="stmt"/>
        <line num="27" count="1" type="stmt"/>
        <line num="29" count="1" type="stmt"/>
        <line num="32" count="12" type="stmt"/>
        <line num="33" count="1" type="stmt"/>
        <line num="34" count="1" type="cond" truecount="1" falsecount="1"/>
        <line num="36" count="1" type="stmt"/>
        <line num="38" count="1" type="stmt"/>
        <line num="39" count="1" type="stmt"/>
        <line num="41" count="1" type="cond" truecount="3" falsecount="1"/>
        <line num="42" count="0" type="stmt"/>
        <line num="45" count="1" type="stmt"/>
        <line num="46" count="1" type="stmt"/>
      </file>
    </package>
    <package name="src.middleware">
      <metrics statements="85" coveredstatements="81" conditionals="78" coveredconditionals="62" methods="14" coveredmethods="14"/>
      <file name="auth.ts" path="C:\Users\karlo\workspace\repo\group-1068862\etnair\api\src\middleware\auth.ts">
        <metrics statements="25" coveredstatements="24" conditionals="25" coveredconditionals="20" methods="2" coveredmethods="2"/>
        <line num="2" count="13" type="stmt"/>
        <line num="3" count="13" type="stmt"/>
        <line num="13" count="13" type="cond" truecount="1" falsecount="1"/>
        <line num="14" count="13" type="cond" truecount="1" falsecount="1"/>
        <line num="25" count="31" type="cond" truecount="3" falsecount="1"/>
        <line num="27" count="31" type="stmt"/>
        <line num="28" count="31" type="stmt"/>
        <line num="35" count="13" type="stmt"/>
        <line num="36" count="37" type="stmt"/>
        <line num="39" count="37" type="cond" truecount="4" falsecount="0"/>
        <line num="40" count="3" type="stmt"/>
        <line num="43" count="34" type="stmt"/>
        <line num="44" count="34" type="cond" truecount="2" falsecount="0"/>
        <line num="45" count="1" type="stmt"/>
        <line num="48" count="33" type="stmt"/>
        <line num="49" count="33" type="stmt"/>
        <line num="52" count="31" type="cond" truecount="2" falsecount="0"/>
        <line num="53" count="1" type="stmt"/>
        <line num="56" count="30" type="stmt"/>
        <line num="62" count="30" type="stmt"/>
        <line num="65" count="2" type="cond" truecount="2" falsecount="0"/>
        <line num="66" count="1" type="stmt"/>
        <line num="70" count="1" type="cond" truecount="1" falsecount="1"/>
        <line num="71" count="1" type="stmt"/>
        <line num="75" count="0" type="stmt"/>
      </file>
      <file name="auth.validation.ts" path="C:\Users\karlo\workspace\repo\group-1068862\etnair\api\src\middleware\auth.validation.ts">
        <metrics statements="15" coveredstatements="15" conditionals="12" coveredconditionals="10" methods="4" coveredmethods="4"/>
        <line num="1" count="12" type="stmt"/>
        <line num="3" count="12" type="stmt"/>
        <line num="30" count="30" type="cond" truecount="3" falsecount="1"/>
        <line num="31" count="30" type="stmt"/>
        <line num="32" count="146" type="stmt"/>
        <line num="33" count="30" type="cond" truecount="2" falsecount="0"/>
        <line num="34" count="1" type="stmt"/>
        <line num="36" count="29" type="stmt"/>
        <line num="40" count="12" type="stmt"/>
        <line num="50" count="28" type="cond" truecount="3" falsecount="1"/>
        <line num="51" count="28" type="stmt"/>
        <line num="52" count="56" type="stmt"/>
        <line num="53" count="28" type="cond" truecount="2" falsecount="0"/>
        <line num="54" count="1" type="stmt"/>
        <line num="56" count="27" type="stmt"/>
      </file>
      <file name="error.ts" path="C:\Users\karlo\workspace\repo\group-1068862\etnair\api\src\middleware\error.ts">
        <metrics statements="14" coveredstatements="14" conditionals="20" coveredconditionals="18" methods="1" coveredmethods="1"/>
        <line num="10" count="12" type="stmt"/>
        <line num="11" count="14" type="stmt"/>
        <line num="12" count="14" type="stmt"/>
        <line num="13" count="14" type="stmt"/>
        <line num="14" count="14" type="stmt"/>
        <line num="16" count="14" type="cond" truecount="3" falsecount="1"/>
        <line num="17" count="14" type="stmt"/>
        <line num="18" count="14" type="cond" truecount="2" falsecount="0"/>
        <line num="19" count="14" type="cond" truecount="1" falsecount="1"/>
        <line num="20" count="14" type="cond" truecount="2" falsecount="0"/>
        <line num="21" count="14" type="cond" truecount="2" falsecount="0"/>
        <line num="25" count="14" type="cond" truecount="4" falsecount="0"/>
        <line num="26" count="1" type="stmt"/>
        <line num="29" count="14" type="stmt"/>
      </file>
      <file name="role.ts" path="C:\Users\karlo\workspace\repo\group-1068862\etnair\api\src\middleware\role.ts">
        <metrics statements="8" coveredstatements="7" conditionals="4" coveredconditionals="3" methods="2" coveredmethods="2"/>
        <line num="2" count="12" type="stmt"/>
        <line num="6" count="12" type="stmt"/>
        <line num="7" count="120" type="stmt"/>
        <line num="8" count="26" type="cond" truecount="1" falsecount="1"/>
        <line num="9" count="0" type="stmt"/>
        <line num="12" count="26" type="cond" truecount="2" falsecount="0"/>
        <line num="13" count="1" type="stmt"/>
        <line num="16" count="25" type="stmt"/>
      </file>
      <file name="users.validation.ts" path="C:\Users\karlo\workspace\repo\group-1068862\etnair\api\src\middleware\users.validation.ts">
        <metrics statements="15" coveredstatements="13" conditionals="12" coveredconditionals="8" methods="3" coveredmethods="3"/>
        <line num="1" count="12" type="stmt"/>
        <line num="3" count="12" type="stmt"/>
        <line num="9" count="12" type="stmt"/>
        <line num="14" count="2" type="cond" truecount="3" falsecount="1"/>
        <line num="15" count="2" type="stmt"/>
        <line num="16" count="2" type="cond" truecount="1" falsecount="1"/>
        <line num="17" count="0" type="stmt"/>
        <line num="19" count="2" type="stmt"/>
        <line num="45" count="2" type="cond" truecount="3" falsecount="1"/>
        <line num="46" count="2" type="stmt"/>
        <line num="47" count="2" type="stmt"/>
        <line num="48" count="2" type="cond" truecount="1" falsecount="1"/>
        <line num="49" count="0" type="stmt"/>
        <line num="51" count="2" type="stmt"/>
        <line num="55" count="12" type="stmt"/>
      </file>
      <file name="validation.ts" path="C:\Users\karlo\workspace\repo\group-1068862\etnair\api\src\middleware\validation.ts">
        <metrics statements="8" coveredstatements="8" conditionals="5" coveredconditionals="3" methods="2" coveredmethods="2"/>
        <line num="1" count="12" type="stmt"/>
        <line num="3" count="12" type="stmt"/>
        <line num="5" count="12" type="stmt"/>
        <line num="6" count="61" type="stmt"/>
        <line num="8" count="61" type="cond" truecount="2" falsecount="0"/>
        <line num="9" count="7" type="stmt"/>
        <line num="12" count="13" type="stmt"/>
        <line num="20" count="54" type="stmt"/>
      </file>
    </package>
    <package name="src.routes">
      <metrics statements="49" coveredstatements="48" conditionals="0" coveredconditionals="0" methods="1" coveredmethods="0"/>
      <file name="auth.routes.ts" path="C:\Users\karlo\workspace\repo\group-1068862\etnair\api\src\routes\auth.routes.ts">
        <metrics statements="9" coveredstatements="9" conditionals="0" coveredconditionals="0" methods="0" coveredmethods="0"/>
        <line num="82" count="12" type="stmt"/>
        <line num="83" count="12" type="stmt"/>
        <line num="84" count="12" type="stmt"/>
        <line num="85" count="12" type="stmt"/>
        <line num="86" count="12" type="stmt"/>
        <line num="89" count="12" type="stmt"/>
        <line num="91" count="12" type="stmt"/>
        <line num="98" count="12" type="stmt"/>
        <line num="105" count="12" type="stmt"/>
      </file>
      <file name="bookings.routes.ts" path="C:\Users\karlo\workspace\repo\group-1068862\etnair\api\src\routes\bookings.routes.ts">
        <metrics statements="12" coveredstatements="12" conditionals="0" coveredconditionals="0" methods="0" coveredmethods="0"/>
        <line num="271" count="12" type="stmt"/>
        <line num="272" count="12" type="stmt"/>
        <line num="273" count="12" type="stmt"/>
        <line num="274" count="12" type="stmt"/>
        <line num="283" count="12" type="stmt"/>
        <line num="286" count="12" type="stmt"/>
        <line num="287" count="12" type="stmt"/>
        <line num="288" count="12" type="stmt"/>
        <line num="291" count="12" type="stmt"/>
        <line num="292" count="12" type="stmt"/>
        <line num="293" count="12" type="stmt"/>
        <line num="295" count="12" type="stmt"/>
      </file>
      <file name="me.routes.ts" path="C:\Users\karlo\workspace\repo\group-1068862\etnair\api\src\routes\me.routes.ts">
        <metrics statements="6" coveredstatements="5" conditionals="0" coveredconditionals="0" methods="1" coveredmethods="0"/>
        <line num="21" count="12" type="stmt"/>
        <line num="22" count="12" type="stmt"/>
        <line num="24" count="12" type="stmt"/>
        <line num="26" count="12" type="stmt"/>
        <line num="27" count="0" type="stmt"/>
        <line num="30" count="12" type="stmt"/>
      </file>
      <file name="properties.routes.ts" path="C:\Users\karlo\workspace\repo\group-1068862\etnair\api\src\routes\properties.routes.ts">
        <metrics statements="12" coveredstatements="12" conditionals="0" coveredconditionals="0" methods="0" coveredmethods="0"/>
        <line num="240" count="12" type="stmt"/>
        <line num="241" count="12" type="stmt"/>
        <line num="248" count="12" type="stmt"/>
        <line num="249" count="12" type="stmt"/>
        <line num="251" count="12" type="stmt"/>
        <line num="254" count="12" type="stmt"/>
        <line num="255" count="12" type="stmt"/>
        <line num="258" count="12" type="stmt"/>
        <line num="259" count="12" type="stmt"/>
        <line num="260" count="12" type="stmt"/>
        <line num="261" count="12" type="stmt"/>
        <line num="263" count="12" type="stmt"/>
      </file>
      <file name="users.routes.ts" path="C:\Users\karlo\workspace\repo\group-1068862\etnair\api\src\routes\users.routes.ts">
        <metrics statements="10" coveredstatements="10" conditionals="0" coveredconditionals="0" methods="0" coveredmethods="0"/>
        <line num="1" count="12" type="stmt"/>
        <line num="2" count="12" type="stmt"/>
        <line num="3" count="12" type="stmt"/>
        <line num="4" count="12" type="stmt"/>
        <line num="5" count="12" type="stmt"/>
        <line num="6" count="12" type="stmt"/>
        <line num="8" count="12" type="stmt"/>
        <line num="10" count="12" type="stmt"/>
        <line num="18" count="12" type="stmt"/>
        <line num="26" count="12" type="stmt"/>
      </file>
    </package>
    <package name="src.services">
      <metrics statements="118" coveredstatements="108" conditionals="84" coveredconditionals="44" methods="18" coveredmethods="18"/>
      <file name="auth.service.ts" path="C:\Users\karlo\workspace\repo\group-1068862\etnair\api\src\services\auth.service.ts">
        <metrics statements="20" coveredstatements="20" conditionals="10" coveredconditionals="7" methods="3" coveredmethods="3"/>
        <line num="1" count="12" type="stmt"/>
        <line num="2" count="12" type="stmt"/>
        <line num="3" count="12" type="stmt"/>
        <line num="4" count="12" type="stmt"/>
        <line num="9" count="24" type="stmt"/>
        <line num="10" count="24" type="cond" truecount="1" falsecount="1"/>
        <line num="11" count="24" type="stmt"/>
        <line num="14" count="12" type="stmt"/>
        <line num="21" count="26" type="cond" truecount="2" falsecount="0"/>
        <line num="23" count="26" type="stmt"/>
        <line num="24" count="26" type="cond" truecount="1" falsecount="1"/>
        <line num="26" count="26" type="stmt"/>
        <line num="28" count="26" type="stmt"/>
        <line num="47" count="12" type="stmt"/>
        <line num="48" count="25" type="stmt"/>
        <line num="49" count="25" type="cond" truecount="1" falsecount="1"/>
        <line num="51" count="25" type="stmt"/>
        <line num="52" count="25" type="cond" truecount="2" falsecount="0"/>
        <line num="54" count="24" type="stmt"/>
        <line num="60" count="24" type="stmt"/>
      </file>
      <file name="bookings.service.ts" path="C:\Users\karlo\workspace\repo\group-1068862\etnair\api\src\services\bookings.service.ts">
        <metrics statements="42" coveredstatements="42" conditionals="28" coveredconditionals="14" methods="8" coveredmethods="8"/>
        <line num="1" count="12" type="stmt"/>
        <line num="2" count="12" type="stmt"/>
        <line num="3" count="12" type="stmt"/>
        <line num="7" count="10" type="stmt"/>
        <line num="8" count="10" type="cond" truecount="1" falsecount="1"/>
        <line num="9" count="10" type="stmt"/>
        <line num="13" count="5" type="stmt"/>
        <line num="14" count="5" type="stmt"/>
        <line num="17" count="12" type="stmt"/>
        <line num="25" count="5" type="stmt"/>
        <line num="26" count="5" type="stmt"/>
        <line num="28" count="5" type="cond" truecount="1" falsecount="1"/>
        <line num="30" count="5" type="stmt"/>
        <line num="34" count="5" type="cond" truecount="1" falsecount="1"/>
        <line num="36" count="5" type="stmt"/>
        <line num="45" count="5" type="cond" truecount="1" falsecount="1"/>
        <line num="47" count="5" type="stmt"/>
        <line num="48" count="5" type="stmt"/>
        <line num="50" count="5" type="stmt"/>
        <line num="73" count="12" type="stmt"/>
        <line num="74" count="1" type="stmt"/>
        <line num="93" count="12" type="stmt"/>
        <line num="94" count="1" type="stmt"/>
        <line num="114" count="12" type="stmt"/>
        <line num="115" count="1" type="stmt"/>
        <line num="120" count="1" type="cond" truecount="1" falsecount="1"/>
        <line num="121" count="1" type="cond" truecount="1" falsecount="1"/>
        <line num="122" count="1" type="cond" truecount="1" falsecount="1"/>
        <line num="124" count="1" type="stmt"/>
        <line num="141" count="12" type="stmt"/>
        <line num="142" count="1" type="stmt"/>
        <line num="147" count="1" type="cond" truecount="1" falsecount="1"/>
        <line num="148" count="1" type="cond" truecount="1" falsecount="1"/>
        <line num="149" count="1" type="cond" truecount="1" falsecount="1"/>
        <line num="151" count="1" type="stmt"/>
        <line num="168" count="12" type="stmt"/>
        <line num="169" count="1" type="stmt"/>
        <line num="171" count="1" type="cond" truecount="1" falsecount="1"/>
        <line num="172" count="1" type="cond" truecount="1" falsecount="1"/>
        <line num="173" count="1" type="cond" truecount="1" falsecount="1"/>
        <line num="174" count="1" type="cond" truecount="1" falsecount="1"/>
        <line num="176" count="1" type="stmt"/>
      </file>
      <file name="properties.service.ts" path="C:\Users\karlo\workspace\repo\group-1068862\etnair\api\src\services\properties.service.ts">
        <metrics statements="35" coveredstatements="30" conditionals="34" coveredconditionals="17" methods="5" coveredmethods="5"/>
        <line num="1" count="12" type="stmt"/>
        <line num="2" count="12" type="stmt"/>
        <line num="3" count="12" type="stmt"/>
        <line num="5" count="12" type="stmt"/>
        <line num="6" count="1" type="stmt"/>
        <line num="23" count="12" type="stmt"/>
        <line num="24" count="1" type="stmt"/>
        <line num="41" count="12" type="stmt"/>
        <line num="52" count="11" type="cond" truecount="1" falsecount="1"/>
        <line num="53" count="11" type="cond" truecount="1" falsecount="1"/>
        <line num="55" count="11" type="stmt"/>
        <line num="56" count="11" type="cond" truecount="1" falsecount="1"/>
        <line num="58" count="11" type="stmt"/>
        <line num="83" count="12" type="stmt"/>
        <line num="95" count="2" type="stmt"/>
        <line num="100" count="2" type="cond" truecount="1" falsecount="1"/>
        <line num="101" count="2" type="cond" truecount="2" falsecount="0"/>
        <line num="103" count="1" type="stmt"/>
        <line num="105" count="1" type="cond" truecount="1" falsecount="1"/>
        <line num="106" count="1" type="cond" truecount="1" falsecount="1"/>
        <line num="107" count="1" type="cond" truecount="1" falsecount="1"/>
        <line num="108" count="1" type="cond" truecount="1" falsecount="1"/>
        <line num="110" count="1" type="cond" truecount="1" falsecount="1"/>
        <line num="111" count="0" type="cond" truecount="0" falsecount="2"/>
        <line num="112" count="0" type="stmt"/>
        <line num="115" count="1" type="cond" truecount="1" falsecount="1"/>
        <line num="116" count="0" type="stmt"/>
        <line num="117" count="0" type="cond" truecount="0" falsecount="2"/>
        <line num="118" count="0" type="stmt"/>
        <line num="121" count="1" type="stmt"/>
        <line num="139" count="12" type="stmt"/>
        <line num="140" count="2" type="stmt"/>
        <line num="145" count="2" type="cond" truecount="1" falsecount="1"/>
        <line num="146" count="2" type="cond" truecount="2" falsecount="0"/>
        <line num="148" count="1" type="stmt"/>
      </file>
      <file name="users.service.ts" path="C:\Users\karlo\workspace\repo\group-1068862\etnair\api\src\services\users.service.ts">
        <metrics statements="21" coveredstatements="16" conditionals="12" coveredconditionals="6" methods="2" coveredmethods="2"/>
        <line num="1" count="12" type="stmt"/>
        <line num="2" count="12" type="stmt"/>
        <line num="3" count="12" type="stmt"/>
        <line num="11" count="12" type="stmt"/>
        <line num="12" count="1" type="stmt"/>
        <line num="13" count="1" type="cond" truecount="1" falsecount="1"/>
        <line num="14" count="0" type="stmt"/>
        <line num="17" count="1" type="stmt"/>
        <line num="19" count="1" type="cond" truecount="1" falsecount="1"/>
        <line num="20" count="1" type="cond" truecount="1" falsecount="1"/>
        <line num="22" count="1" type="cond" truecount="1" falsecount="1"/>
        <line num="23" count="0" type="stmt"/>
        <line num="24" count="0" type="stmt"/>
        <line num="27" count="1" type="cond" truecount="1" falsecount="1"/>
        <line num="28" count="0" type="stmt"/>
        <line num="31" count="1" type="stmt"/>
        <line num="46" count="12" type="stmt"/>
        <line num="47" count="1" type="stmt"/>
        <line num="48" count="1" type="cond" truecount="1" falsecount="1"/>
        <line num="49" count="0" type="stmt"/>
        <line num="52" count="1" type="stmt"/>
      </file>
    </package>
    <package name="src.utils">
      <metrics statements="9" coveredstatements="9" conditionals="0" coveredconditionals="0" methods="3" coveredmethods="3"/>
      <file name="appError.ts" path="C:\Users\karlo\workspace\repo\group-1068862\etnair\api\src\utils\appError.ts">
        <metrics statements="5" coveredstatements="5" conditionals="0" coveredconditionals="0" methods="1" coveredmethods="1"/>
        <line num="1" count="13" type="stmt"/>
        <line num="7" count="19" type="stmt"/>
        <line num="8" count="19" type="stmt"/>
        <line num="9" count="19" type="stmt"/>
        <line num="10" count="19" type="stmt"/>
      </file>
      <file name="asyncHandler.ts" path="C:\Users\karlo\workspace\repo\group-1068862\etnair\api\src\utils\asyncHandler.ts">
        <metrics statements="4" coveredstatements="4" conditionals="0" coveredconditionals="0" methods="2" coveredmethods="2"/>
        <line num="3" count="12" type="stmt"/>
        <line num="4" count="12" type="stmt"/>
        <line num="5" count="204" type="stmt"/>
        <line num="6" count="132" type="stmt"/>
      </file>
    </package>
  </project>
</coverage>
