{"C:\\Users\\karlo\\workspace\\repo\\group-1068862\\etnair\\api\\src\\app.ts": {"path":"C:\\Users\\karlo\\workspace\\repo\\group-1068862\\etnair\\api\\src\\app.ts","statementMap":{"0":{"start":{"line":1,"column":0},"end":{"line":1,"column":30}},"1":{"start":{"line":2,"column":0},"end":{"line":2,"column":24}},"2":{"start":{"line":3,"column":0},"end":{"line":3,"column":28}},"3":{"start":{"line":4,"column":0},"end":{"line":4,"column":28}},"4":{"start":{"line":5,"column":0},"end":{"line":5,"column":48}},"5":{"start":{"line":6,"column":0},"end":{"line":6,"column":46}},"6":{"start":{"line":7,"column":0},"end":{"line":7,"column":54}},"7":{"start":{"line":8,"column":0},"end":{"line":8,"column":58}},"8":{"start":{"line":9,"column":0},"end":{"line":9,"column":42}},"9":{"start":{"line":11,"column":0},"end":{"line":11,"column":43}},"10":{"start":{"line":12,"column":0},"end":{"line":12,"column":40}},"11":{"start":{"line":13,"column":0},"end":{"line":13,"column":50}},"12":{"start":{"line":17,"column":13},"end":{"line":17,"column":29}},"13":{"start":{"line":21,"column":0},"end":{"line":21,"column":16}},"14":{"start":{"line":22,"column":0},"end":{"line":22,"column":18}},"15":{"start":{"line":23,"column":0},"end":{"line":23,"column":24}},"16":{"start":{"line":24,"column":0},"end":{"line":24,"column":23}},"17":{"start":{"line":26,"column":0},"end":{"line":30,"column":1}},"18":{"start":{"line":27,"column":2},"end":{"line":29,"column":5}},"19":{"start":{"line":28,"column":4},"end":{"line":28,"column":28}},"20":{"start":{"line":33,"column":0},"end":{"line":33,"column":58}},"21":{"start":{"line":33,"column":34},"end":{"line":33,"column":56}},"22":{"start":{"line":34,"column":0},"end":{"line":34,"column":29}},"23":{"start":{"line":35,"column":0},"end":{"line":35,"column":41}},"24":{"start":{"line":36,"column":0},"end":{"line":36,"column":37}},"25":{"start":{"line":37,"column":0},"end":{"line":37,"column":31}},"26":{"start":{"line":38,"column":0},"end":{"line":38,"column":18}},"27":{"start":{"line":39,"column":0},"end":{"line":39,"column":68}},"28":{"start":{"line":41,"column":0},"end":{"line":41,"column":22}},"29":{"start":{"line":43,"column":0},"end":{"line":43,"column":19}}},"fnMap":{"0":{"name":"(anonymous_1)","decl":{"start":{"line":27,"column":28},"end":{"line":27,"column":29}},"loc":{"start":{"line":27,"column":43},"end":{"line":29,"column":3}}},"1":{"name":"(anonymous_2)","decl":{"start":{"line":33,"column":19},"end":{"line":33,"column":20}},"loc":{"start":{"line":33,"column":34},"end":{"line":33,"column":56}}}},"branchMap":{"0":{"loc":{"start":{"line":26,"column":0},"end":{"line":30,"column":1}},"type":"if","locations":[{"start":{"line":26,"column":0},"end":{"line":30,"column":1}},{"start":{},"end":{}}]}},"s":{"0":12,"1":12,"2":12,"3":12,"4":12,"5":12,"6":12,"7":12,"8":12,"9":12,"10":12,"11":12,"12":12,"13":12,"14":12,"15":12,"16":12,"17":12,"18":12,"19":1,"20":12,"21":0,"22":12,"23":12,"24":12,"25":12,"26":12,"27":12,"28":12,"29":12},"f":{"0":1,"1":0},"b":{"0":[12,0]}}
,"C:\\Users\\karlo\\workspace\\repo\\group-1068862\\etnair\\api\\src\\prisma.ts": {"path":"C:\\Users\\karlo\\workspace\\repo\\group-1068862\\etnair\\api\\src\\prisma.ts","statementMap":{"0":{"start":{"line":1,"column":0},"end":{"line":1,"column":23}},"1":{"start":{"line":2,"column":0},"end":{"line":2,"column":46}},"2":{"start":{"line":3,"column":0},"end":{"line":3,"column":46}},"3":{"start":{"line":4,"column":0},"end":{"line":4,"column":26}},"4":{"start":{"line":6,"column":21},"end":{"line":6,"column":45}},"5":{"start":{"line":7,"column":0},"end":{"line":9,"column":1}},"6":{"start":{"line":8,"column":2},"end":{"line":8,"column":53}},"7":{"start":{"line":11,"column":13},"end":{"line":13,"column":2}},"8":{"start":{"line":15,"column":16},"end":{"line":15,"column":34}},"9":{"start":{"line":17,"column":13},"end":{"line":17,"column":52}}},"fnMap":{},"branchMap":{"0":{"loc":{"start":{"line":7,"column":0},"end":{"line":9,"column":1}},"type":"if","locations":[{"start":{"line":7,"column":0},"end":{"line":9,"column":1}},{"start":{},"end":{}}]}},"s":{"0":13,"1":13,"2":13,"3":13,"4":13,"5":13,"6":0,"7":13,"8":13,"9":13},"f":{},"b":{"0":[0,13]}}
,"C:\\Users\\karlo\\workspace\\repo\\group-1068862\\etnair\\api\\src\\swagger.ts": {"path":"C:\\Users\\karlo\\workspace\\repo\\group-1068862\\etnair\\api\\src\\swagger.ts","statementMap":{"0":{"start":{"line":1,"column":0},"end":{"line":1,"column":41}},"1":{"start":{"line":3,"column":13},"end":{"line":197,"column":3}}},"fnMap":{},"branchMap":{},"s":{"0":12,"1":12},"f":{},"b":{}}
,"C:\\Users\\karlo\\workspace\\repo\\group-1068862\\etnair\\api\\src\\controllers\\auth.controller.ts": {"path":"C:\\Users\\karlo\\workspace\\repo\\group-1068862\\etnair\\api\\src\\controllers\\auth.controller.ts","statementMap":{"0":{"start":{"line":2,"column":0},"end":{"line":2,"column":56}},"1":{"start":{"line":3,"column":0},"end":{"line":3,"column":53}},"2":{"start":{"line":4,"column":0},"end":{"line":4,"column":45}},"3":{"start":{"line":8,"column":13},"end":{"line":30,"column":3}},"4":{"start":{"line":9,"column":59},"end":{"line":9,"column":null}},"5":{"start":{"line":17,"column":2},"end":{"line":19,"column":3}},"6":{"start":{"line":18,"column":4},"end":{"line":18,"column":55}},"7":{"start":{"line":21,"column":15},"end":{"line":27,"column":4}},"8":{"start":{"line":29,"column":2},"end":{"line":29,"column":29}},"9":{"start":{"line":32,"column":13},"end":{"line":41,"column":3}},"10":{"start":{"line":33,"column":30},"end":{"line":33,"column":77}},"11":{"start":{"line":35,"column":2},"end":{"line":37,"column":3}},"12":{"start":{"line":36,"column":4},"end":{"line":36,"column":54}},"13":{"start":{"line":39,"column":17},"end":{"line":39,"column":61}},"14":{"start":{"line":40,"column":2},"end":{"line":40,"column":19}}},"fnMap":{"0":{"name":"(anonymous_9)","decl":{"start":{"line":8,"column":37},"end":{"line":8,"column":42}},"loc":{"start":{"line":8,"column":75},"end":{"line":30,"column":1}}},"1":{"name":"(anonymous_10)","decl":{"start":{"line":32,"column":34},"end":{"line":32,"column":39}},"loc":{"start":{"line":32,"column":72},"end":{"line":41,"column":1}}}},"branchMap":{"0":{"loc":{"start":{"line":17,"column":2},"end":{"line":19,"column":3}},"type":"if","locations":[{"start":{"line":17,"column":2},"end":{"line":19,"column":3}},{"start":{},"end":{}}]},"1":{"loc":{"start":{"line":17,"column":6},"end":{"line":17,"column":54}},"type":"binary-expr","locations":[{"start":{"line":17,"column":6},"end":{"line":17,"column":17}},{"start":{"line":17,"column":21},"end":{"line":17,"column":31}},{"start":{"line":17,"column":35},"end":{"line":17,"column":41}},{"start":{"line":17,"column":45},"end":{"line":17,"column":54}}]},"2":{"loc":{"start":{"line":35,"column":2},"end":{"line":37,"column":3}},"type":"if","locations":[{"start":{"line":35,"column":2},"end":{"line":37,"column":3}},{"start":{},"end":{}}]},"3":{"loc":{"start":{"line":35,"column":6},"end":{"line":35,"column":25}},"type":"binary-expr","locations":[{"start":{"line":35,"column":6},"end":{"line":35,"column":12}},{"start":{"line":35,"column":16},"end":{"line":35,"column":25}}]}},"s":{"0":12,"1":12,"2":12,"3":12,"4":26,"5":26,"6":0,"7":26,"8":26,"9":12,"10":25,"11":25,"12":0,"13":25,"14":24},"f":{"0":26,"1":25},"b":{"0":[0,26],"1":[26,26,26,26],"2":[0,25],"3":[25,25]}}
,"C:\\Users\\karlo\\workspace\\repo\\group-1068862\\etnair\\api\\src\\controllers\\bookings.controller.ts": {"path":"C:\\Users\\karlo\\workspace\\repo\\group-1068862\\etnair\\api\\src\\controllers\\bookings.controller.ts","statementMap":{"0":{"start":{"line":2,"column":0},"end":{"line":2,"column":53}},"1":{"start":{"line":3,"column":0},"end":{"line":3,"column":45}},"2":{"start":{"line":4,"column":0},"end":{"line":4,"column":64}},"3":{"start":{"line":6,"column":13},"end":{"line":21,"column":3}},"4":{"start":{"line":7,"column":19},"end":{"line":7,"column":31}},"5":{"start":{"line":9,"column":48},"end":{"line":9,"column":null}},"6":{"start":{"line":15,"column":2},"end":{"line":17,"column":3}},"7":{"start":{"line":16,"column":4},"end":{"line":16,"column":90}},"8":{"start":{"line":19,"column":18},"end":{"line":19,"column":102}},"9":{"start":{"line":20,"column":2},"end":{"line":20,"column":32}},"10":{"start":{"line":23,"column":13},"end":{"line":27,"column":3}},"11":{"start":{"line":24,"column":19},"end":{"line":24,"column":31}},"12":{"start":{"line":25,"column":19},"end":{"line":25,"column":65}},"13":{"start":{"line":26,"column":2},"end":{"line":26,"column":21}},"14":{"start":{"line":29,"column":13},"end":{"line":33,"column":3}},"15":{"start":{"line":30,"column":18},"end":{"line":30,"column":30}},"16":{"start":{"line":31,"column":19},"end":{"line":31,"column":67}},"17":{"start":{"line":32,"column":2},"end":{"line":32,"column":21}},"18":{"start":{"line":35,"column":13},"end":{"line":41,"column":3}},"19":{"start":{"line":36,"column":18},"end":{"line":36,"column":30}},"20":{"start":{"line":37,"column":17},"end":{"line":37,"column":27}},"21":{"start":{"line":39,"column":18},"end":{"line":39,"column":67}},"22":{"start":{"line":40,"column":2},"end":{"line":40,"column":20}},"23":{"start":{"line":43,"column":13},"end":{"line":49,"column":3}},"24":{"start":{"line":44,"column":18},"end":{"line":44,"column":30}},"25":{"start":{"line":45,"column":17},"end":{"line":45,"column":27}},"26":{"start":{"line":47,"column":18},"end":{"line":47,"column":66}},"27":{"start":{"line":48,"column":2},"end":{"line":48,"column":20}},"28":{"start":{"line":51,"column":13},"end":{"line":57,"column":3}},"29":{"start":{"line":52,"column":19},"end":{"line":52,"column":31}},"30":{"start":{"line":53,"column":17},"end":{"line":53,"column":27}},"31":{"start":{"line":55,"column":18},"end":{"line":55,"column":68}},"32":{"start":{"line":56,"column":2},"end":{"line":56,"column":20}}},"fnMap":{"0":{"name":"(anonymous_9)","decl":{"start":{"line":6,"column":42},"end":{"line":6,"column":47}},"loc":{"start":{"line":6,"column":80},"end":{"line":21,"column":1}}},"1":{"name":"(anonymous_10)","decl":{"start":{"line":23,"column":43},"end":{"line":23,"column":48}},"loc":{"start":{"line":23,"column":81},"end":{"line":27,"column":1}}},"2":{"name":"(anonymous_11)","decl":{"start":{"line":29,"column":46},"end":{"line":29,"column":51}},"loc":{"start":{"line":29,"column":84},"end":{"line":33,"column":1}}},"3":{"name":"(anonymous_12)","decl":{"start":{"line":35,"column":43},"end":{"line":35,"column":48}},"loc":{"start":{"line":35,"column":81},"end":{"line":41,"column":1}}},"4":{"name":"(anonymous_13)","decl":{"start":{"line":43,"column":49},"end":{"line":43,"column":54}},"loc":{"start":{"line":43,"column":87},"end":{"line":49,"column":1}}},"5":{"name":"(anonymous_14)","decl":{"start":{"line":51,"column":44},"end":{"line":51,"column":49}},"loc":{"start":{"line":51,"column":82},"end":{"line":57,"column":1}}}},"branchMap":{"0":{"loc":{"start":{"line":15,"column":2},"end":{"line":17,"column":3}},"type":"if","locations":[{"start":{"line":15,"column":2},"end":{"line":17,"column":3}},{"start":{},"end":{}}]},"1":{"loc":{"start":{"line":15,"column":6},"end":{"line":15,"column":46}},"type":"binary-expr","locations":[{"start":{"line":15,"column":6},"end":{"line":15,"column":18}},{"start":{"line":15,"column":22},"end":{"line":15,"column":33}},{"start":{"line":15,"column":37},"end":{"line":15,"column":46}}]}},"s":{"0":12,"1":12,"2":12,"3":12,"4":5,"5":5,"6":5,"7":0,"8":5,"9":5,"10":12,"11":1,"12":1,"13":1,"14":12,"15":1,"16":1,"17":1,"18":12,"19":1,"20":1,"21":1,"22":1,"23":12,"24":1,"25":1,"26":1,"27":1,"28":12,"29":1,"30":1,"31":1,"32":1},"f":{"0":5,"1":1,"2":1,"3":1,"4":1,"5":1},"b":{"0":[0,5],"1":[5,5,5]}}
,"C:\\Users\\karlo\\workspace\\repo\\group-1068862\\etnair\\api\\src\\controllers\\properties.controller.ts": {"path":"C:\\Users\\karlo\\workspace\\repo\\group-1068862\\etnair\\api\\src\\controllers\\properties.controller.ts","statementMap":{"0":{"start":{"line":2,"column":0},"end":{"line":2,"column":53}},"1":{"start":{"line":3,"column":0},"end":{"line":3,"column":45}},"2":{"start":{"line":4,"column":0},"end":{"line":4,"column":68}},"3":{"start":{"line":6,"column":13},"end":{"line":9,"column":3}},"4":{"start":{"line":7,"column":21},"end":{"line":7,"column":61}},"5":{"start":{"line":8,"column":2},"end":{"line":8,"column":23}},"6":{"start":{"line":11,"column":13},"end":{"line":16,"column":3}},"7":{"start":{"line":12,"column":17},"end":{"line":12,"column":27}},"8":{"start":{"line":13,"column":19},"end":{"line":13,"column":62}},"9":{"start":{"line":14,"column":2},"end":{"line":14,"column":63}},"10":{"start":{"line":14,"column":17},"end":{"line":14,"column":63}},"11":{"start":{"line":15,"column":2},"end":{"line":15,"column":21}},"12":{"start":{"line":18,"column":13},"end":{"line":44,"column":3}},"13":{"start":{"line":19,"column":18},"end":{"line":19,"column":30}},"14":{"start":{"line":21,"column":77},"end":{"line":21,"column":null}},"15":{"start":{"line":30,"column":2},"end":{"line":32,"column":3}},"16":{"start":{"line":31,"column":4},"end":{"line":31,"column":85}},"17":{"start":{"line":34,"column":18},"end":{"line":41,"column":4}},"18":{"start":{"line":43,"column":2},"end":{"line":43,"column":32}},"19":{"start":{"line":46,"column":13},"end":{"line":69,"column":3}},"20":{"start":{"line":47,"column":18},"end":{"line":47,"column":30}},"21":{"start":{"line":48,"column":17},"end":{"line":48,"column":27}},"22":{"start":{"line":50,"column":77},"end":{"line":50,"column":null}},"23":{"start":{"line":59,"column":18},"end":{"line":66,"column":4}},"24":{"start":{"line":68,"column":2},"end":{"line":68,"column":20}},"25":{"start":{"line":71,"column":13},"end":{"line":77,"column":3}},"26":{"start":{"line":72,"column":18},"end":{"line":72,"column":30}},"27":{"start":{"line":73,"column":17},"end":{"line":73,"column":27}},"28":{"start":{"line":75,"column":2},"end":{"line":75,"column":54}},"29":{"start":{"line":76,"column":2},"end":{"line":76,"column":24}}},"fnMap":{"0":{"name":"(anonymous_9)","decl":{"start":{"line":6,"column":43},"end":{"line":6,"column":48}},"loc":{"start":{"line":6,"column":82},"end":{"line":9,"column":1}}},"1":{"name":"(anonymous_10)","decl":{"start":{"line":11,"column":44},"end":{"line":11,"column":49}},"loc":{"start":{"line":11,"column":82},"end":{"line":16,"column":1}}},"2":{"name":"(anonymous_11)","decl":{"start":{"line":18,"column":43},"end":{"line":18,"column":48}},"loc":{"start":{"line":18,"column":81},"end":{"line":44,"column":1}}},"3":{"name":"(anonymous_12)","decl":{"start":{"line":46,"column":43},"end":{"line":46,"column":48}},"loc":{"start":{"line":46,"column":81},"end":{"line":69,"column":1}}},"4":{"name":"(anonymous_13)","decl":{"start":{"line":71,"column":43},"end":{"line":71,"column":48}},"loc":{"start":{"line":71,"column":81},"end":{"line":77,"column":1}}}},"branchMap":{"0":{"loc":{"start":{"line":14,"column":2},"end":{"line":14,"column":63}},"type":"if","locations":[{"start":{"line":14,"column":2},"end":{"line":14,"column":63}},{"start":{},"end":{}}]},"1":{"loc":{"start":{"line":30,"column":2},"end":{"line":32,"column":3}},"type":"if","locations":[{"start":{"line":30,"column":2},"end":{"line":32,"column":3}},{"start":{},"end":{}}]},"2":{"loc":{"start":{"line":30,"column":6},"end":{"line":30,"column":54}},"type":"binary-expr","locations":[{"start":{"line":30,"column":6},"end":{"line":30,"column":12}},{"start":{"line":30,"column":16},"end":{"line":30,"column":21}},{"start":{"line":30,"column":25},"end":{"line":30,"column":54}}]}},"s":{"0":12,"1":12,"2":12,"3":12,"4":1,"5":1,"6":12,"7":1,"8":1,"9":1,"10":0,"11":1,"12":12,"13":11,"14":11,"15":11,"16":0,"17":11,"18":11,"19":12,"20":2,"21":2,"22":2,"23":2,"24":1,"25":12,"26":2,"27":2,"28":2,"29":1},"f":{"0":1,"1":1,"2":11,"3":2,"4":2},"b":{"0":[0,1],"1":[0,11],"2":[11,11,11]}}
,"C:\\Users\\karlo\\workspace\\repo\\group-1068862\\etnair\\api\\src\\controllers\\users.controller.ts": {"path":"C:\\Users\\karlo\\workspace\\repo\\group-1068862\\etnair\\api\\src\\controllers\\users.controller.ts","statementMap":{"0":{"start":{"line":12,"column":0},"end":{"line":12,"column":7}},"1":{"start":{"line":32,"column":0},"end":{"line":32,"column":7}},"2":{"start":{"line":2,"column":0},"end":{"line":2,"column":58}},"3":{"start":{"line":3,"column":0},"end":{"line":3,"column":45}},"4":{"start":{"line":13,"column":20},"end":{"line":13,"column":28}},"5":{"start":{"line":14,"column":2},"end":{"line":14,"column":89}},"6":{"start":{"line":14,"column":18},"end":{"line":14,"column":89}},"7":{"start":{"line":16,"column":17},"end":{"line":16,"column":27}},"8":{"start":{"line":17,"column":15},"end":{"line":17,"column":41}},"9":{"start":{"line":20,"column":18},"end":{"line":20,"column":44}},"10":{"start":{"line":21,"column":17},"end":{"line":21,"column":36}},"11":{"start":{"line":23,"column":2},"end":{"line":25,"column":3}},"12":{"start":{"line":24,"column":4},"end":{"line":24,"column":69}},"13":{"start":{"line":27,"column":18},"end":{"line":27,"column":57}},"14":{"start":{"line":29,"column":2},"end":{"line":29,"column":27}},"15":{"start":{"line":33,"column":20},"end":{"line":33,"column":28}},"16":{"start":{"line":34,"column":2},"end":{"line":34,"column":89}},"17":{"start":{"line":34,"column":18},"end":{"line":34,"column":89}},"18":{"start":{"line":36,"column":17},"end":{"line":36,"column":27}},"19":{"start":{"line":38,"column":18},"end":{"line":38,"column":44}},"20":{"start":{"line":39,"column":17},"end":{"line":39,"column":36}},"21":{"start":{"line":41,"column":2},"end":{"line":43,"column":3}},"22":{"start":{"line":42,"column":4},"end":{"line":42,"column":69}},"23":{"start":{"line":45,"column":2},"end":{"line":45,"column":36}},"24":{"start":{"line":46,"column":2},"end":{"line":46,"column":31}}},"fnMap":{"0":{"name":"updateUser","decl":{"start":{"line":12,"column":22},"end":{"line":12,"column":32}},"loc":{"start":{"line":12,"column":60},"end":{"line":30,"column":1}}},"1":{"name":"deleteUser","decl":{"start":{"line":32,"column":22},"end":{"line":32,"column":32}},"loc":{"start":{"line":32,"column":60},"end":{"line":47,"column":1}}}},"branchMap":{"0":{"loc":{"start":{"line":14,"column":2},"end":{"line":14,"column":89}},"type":"if","locations":[{"start":{"line":14,"column":2},"end":{"line":14,"column":89}},{"start":{},"end":{}}]},"1":{"loc":{"start":{"line":23,"column":2},"end":{"line":25,"column":3}},"type":"if","locations":[{"start":{"line":23,"column":2},"end":{"line":25,"column":3}},{"start":{},"end":{}}]},"2":{"loc":{"start":{"line":23,"column":6},"end":{"line":23,"column":25}},"type":"binary-expr","locations":[{"start":{"line":23,"column":6},"end":{"line":23,"column":14}},{"start":{"line":23,"column":18},"end":{"line":23,"column":25}}]},"3":{"loc":{"start":{"line":34,"column":2},"end":{"line":34,"column":89}},"type":"if","locations":[{"start":{"line":34,"column":2},"end":{"line":34,"column":89}},{"start":{},"end":{}}]},"4":{"loc":{"start":{"line":41,"column":2},"end":{"line":43,"column":3}},"type":"if","locations":[{"start":{"line":41,"column":2},"end":{"line":43,"column":3}},{"start":{},"end":{}}]},"5":{"loc":{"start":{"line":41,"column":6},"end":{"line":41,"column":25}},"type":"binary-expr","locations":[{"start":{"line":41,"column":6},"end":{"line":41,"column":14}},{"start":{"line":41,"column":18},"end":{"line":41,"column":25}}]}},"s":{"0":12,"1":12,"2":12,"3":12,"4":2,"5":2,"6":0,"7":2,"8":2,"9":2,"10":2,"11":2,"12":1,"13":1,"14":1,"15":1,"16":1,"17":0,"18":1,"19":1,"20":1,"21":1,"22":0,"23":1,"24":1},"f":{"0":2,"1":1},"b":{"0":[0,2],"1":[1,1],"2":[2,2],"3":[0,1],"4":[0,1],"5":[1,1]}}
,"C:\\Users\\karlo\\workspace\\repo\\group-1068862\\etnair\\api\\src\\middleware\\auth.ts": {"path":"C:\\Users\\karlo\\workspace\\repo\\group-1068862\\etnair\\api\\src\\middleware\\auth.ts","statementMap":{"0":{"start":{"line":35,"column":0},"end":{"line":35,"column":16}},"1":{"start":{"line":2,"column":0},"end":{"line":2,"column":31}},"2":{"start":{"line":3,"column":0},"end":{"line":3,"column":45}},"3":{"start":{"line":13,"column":27},"end":{"line":13,"column":55}},"4":{"start":{"line":14,"column":0},"end":{"line":14,"column":66}},"5":{"start":{"line":14,"column":17},"end":{"line":14,"column":66}},"6":{"start":{"line":25,"column":2},"end":{"line":25,"column":48}},"7":{"start":{"line":25,"column":35},"end":{"line":25,"column":48}},"8":{"start":{"line":27,"column":14},"end":{"line":27,"column":42}},"9":{"start":{"line":28,"column":2},"end":{"line":32,"column":4}},"10":{"start":{"line":36,"column":15},"end":{"line":36,"column":40}},"11":{"start":{"line":39,"column":2},"end":{"line":41,"column":3}},"12":{"start":{"line":40,"column":4},"end":{"line":40,"column":84}},"13":{"start":{"line":43,"column":16},"end":{"line":43,"column":51}},"14":{"start":{"line":44,"column":2},"end":{"line":46,"column":3}},"15":{"start":{"line":45,"column":4},"end":{"line":45,"column":84}},"16":{"start":{"line":48,"column":2},"end":{"line":76,"column":3}},"17":{"start":{"line":49,"column":20},"end":{"line":49,"column":60}},"18":{"start":{"line":52,"column":4},"end":{"line":54,"column":5}},"19":{"start":{"line":53,"column":6},"end":{"line":53,"column":94}},"20":{"start":{"line":56,"column":4},"end":{"line":60,"column":6}},"21":{"start":{"line":62,"column":4},"end":{"line":62,"column":18}},"22":{"start":{"line":65,"column":4},"end":{"line":67,"column":5}},"23":{"start":{"line":66,"column":6},"end":{"line":66,"column":86}},"24":{"start":{"line":70,"column":4},"end":{"line":72,"column":5}},"25":{"start":{"line":71,"column":6},"end":{"line":71,"column":86}},"26":{"start":{"line":75,"column":4},"end":{"line":75,"column":82}}},"fnMap":{"0":{"name":"isJwtPayload","decl":{"start":{"line":24,"column":9},"end":{"line":24,"column":21}},"loc":{"start":{"line":24,"column":32},"end":{"line":33,"column":1}}},"1":{"name":"requireAuth","decl":{"start":{"line":35,"column":16},"end":{"line":35,"column":27}},"loc":{"start":{"line":35,"column":76},"end":{"line":77,"column":1}}}},"branchMap":{"0":{"loc":{"start":{"line":13,"column":27},"end":{"line":13,"column":55}},"type":"binary-expr","locations":[{"start":{"line":13,"column":27},"end":{"line":13,"column":49}},{"start":{"line":13,"column":53},"end":{"line":13,"column":55}}]},"1":{"loc":{"start":{"line":14,"column":0},"end":{"line":14,"column":66}},"type":"if","locations":[{"start":{"line":14,"column":0},"end":{"line":14,"column":66}},{"start":{},"end":{}}]},"2":{"loc":{"start":{"line":25,"column":2},"end":{"line":25,"column":48}},"type":"if","locations":[{"start":{"line":25,"column":2},"end":{"line":25,"column":48}},{"start":{},"end":{}}]},"3":{"loc":{"start":{"line":25,"column":6},"end":{"line":25,"column":33}},"type":"binary-expr","locations":[{"start":{"line":25,"column":6},"end":{"line":25,"column":8}},{"start":{"line":25,"column":12},"end":{"line":25,"column":33}}]},"4":{"loc":{"start":{"line":29,"column":4},"end":{"line":31,"column":75}},"type":"binary-expr","locations":[{"start":{"line":29,"column":4},"end":{"line":29,"column":31}},{"start":{"line":30,"column":4},"end":{"line":30,"column":33}},{"start":{"line":31,"column":5},"end":{"line":31,"column":26}},{"start":{"line":31,"column":30},"end":{"line":31,"column":50}},{"start":{"line":31,"column":54},"end":{"line":31,"column":74}}]},"5":{"loc":{"start":{"line":39,"column":2},"end":{"line":41,"column":3}},"type":"if","locations":[{"start":{"line":39,"column":2},"end":{"line":41,"column":3}},{"start":{},"end":{}}]},"6":{"loc":{"start":{"line":39,"column":6},"end":{"line":39,"column":42}},"type":"binary-expr","locations":[{"start":{"line":39,"column":6},"end":{"line":39,"column":11}},{"start":{"line":39,"column":15},"end":{"line":39,"column":42}}]},"7":{"loc":{"start":{"line":44,"column":2},"end":{"line":46,"column":3}},"type":"if","locations":[{"start":{"line":44,"column":2},"end":{"line":46,"column":3}},{"start":{},"end":{}}]},"8":{"loc":{"start":{"line":52,"column":4},"end":{"line":54,"column":5}},"type":"if","locations":[{"start":{"line":52,"column":4},"end":{"line":54,"column":5}},{"start":{},"end":{}}]},"9":{"loc":{"start":{"line":65,"column":4},"end":{"line":67,"column":5}},"type":"if","locations":[{"start":{"line":65,"column":4},"end":{"line":67,"column":5}},{"start":{},"end":{}}]},"10":{"loc":{"start":{"line":70,"column":4},"end":{"line":72,"column":5}},"type":"if","locations":[{"start":{"line":70,"column":4},"end":{"line":72,"column":5}},{"start":{},"end":{}}]}},"s":{"0":13,"1":13,"2":13,"3":13,"4":13,"5":0,"6":31,"7":0,"8":31,"9":31,"10":37,"11":37,"12":3,"13":34,"14":34,"15":1,"16":33,"17":33,"18":31,"19":1,"20":30,"21":30,"22":2,"23":1,"24":1,"25":1,"26":0},"f":{"0":31,"1":37},"b":{"0":[13,0],"1":[0,13],"2":[0,31],"3":[31,31],"4":[31,30,30,19,0],"5":[3,34],"6":[37,35],"7":[1,33],"8":[1,30],"9":[1,1],"10":[1,0]}}
,"C:\\Users\\karlo\\workspace\\repo\\group-1068862\\etnair\\api\\src\\middleware\\auth.validation.ts": {"path":"C:\\Users\\karlo\\workspace\\repo\\group-1068862\\etnair\\api\\src\\middleware\\auth.validation.ts","statementMap":{"0":{"start":{"line":1,"column":0},"end":{"line":1,"column":41}},"1":{"start":{"line":3,"column":13},"end":{"line":38,"column":2}},"2":{"start":{"line":30,"column":4},"end":{"line":30,"column":57}},"3":{"start":{"line":30,"column":45},"end":{"line":30,"column":57}},"4":{"start":{"line":31,"column":20},"end":{"line":31,"column":85}},"5":{"start":{"line":32,"column":20},"end":{"line":32,"column":69}},"6":{"start":{"line":32,"column":53},"end":{"line":32,"column":68}},"7":{"start":{"line":33,"column":4},"end":{"line":35,"column":5}},"8":{"start":{"line":34,"column":6},"end":{"line":34,"column":63}},"9":{"start":{"line":36,"column":4},"end":{"line":36,"column":16}},"10":{"start":{"line":40,"column":13},"end":{"line":58,"column":2}},"11":{"start":{"line":50,"column":4},"end":{"line":50,"column":57}},"12":{"start":{"line":50,"column":45},"end":{"line":50,"column":57}},"13":{"start":{"line":51,"column":20},"end":{"line":51,"column":50}},"14":{"start":{"line":52,"column":20},"end":{"line":52,"column":69}},"15":{"start":{"line":52,"column":53},"end":{"line":52,"column":68}},"16":{"start":{"line":53,"column":4},"end":{"line":55,"column":5}},"17":{"start":{"line":54,"column":6},"end":{"line":54,"column":63}},"18":{"start":{"line":56,"column":4},"end":{"line":56,"column":16}}},"fnMap":{"0":{"name":"(anonymous_0)","decl":{"start":{"line":29,"column":16},"end":{"line":29,"column":17}},"loc":{"start":{"line":29,"column":26},"end":{"line":37,"column":3}}},"1":{"name":"(anonymous_1)","decl":{"start":{"line":32,"column":46},"end":{"line":32,"column":47}},"loc":{"start":{"line":32,"column":53},"end":{"line":32,"column":68}}},"2":{"name":"(anonymous_2)","decl":{"start":{"line":49,"column":16},"end":{"line":49,"column":17}},"loc":{"start":{"line":49,"column":26},"end":{"line":57,"column":3}}},"3":{"name":"(anonymous_3)","decl":{"start":{"line":52,"column":46},"end":{"line":52,"column":47}},"loc":{"start":{"line":52,"column":53},"end":{"line":52,"column":68}}}},"branchMap":{"0":{"loc":{"start":{"line":30,"column":4},"end":{"line":30,"column":57}},"type":"if","locations":[{"start":{"line":30,"column":4},"end":{"line":30,"column":57}},{"start":{},"end":{}}]},"1":{"loc":{"start":{"line":30,"column":8},"end":{"line":30,"column":43}},"type":"binary-expr","locations":[{"start":{"line":30,"column":8},"end":{"line":30,"column":14}},{"start":{"line":30,"column":18},"end":{"line":30,"column":43}}]},"2":{"loc":{"start":{"line":33,"column":4},"end":{"line":35,"column":5}},"type":"if","locations":[{"start":{"line":33,"column":4},"end":{"line":35,"column":5}},{"start":{},"end":{}}]},"3":{"loc":{"start":{"line":50,"column":4},"end":{"line":50,"column":57}},"type":"if","locations":[{"start":{"line":50,"column":4},"end":{"line":50,"column":57}},{"start":{},"end":{}}]},"4":{"loc":{"start":{"line":50,"column":8},"end":{"line":50,"column":43}},"type":"binary-expr","locations":[{"start":{"line":50,"column":8},"end":{"line":50,"column":14}},{"start":{"line":50,"column":18},"end":{"line":50,"column":43}}]},"5":{"loc":{"start":{"line":53,"column":4},"end":{"line":55,"column":5}},"type":"if","locations":[{"start":{"line":53,"column":4},"end":{"line":55,"column":5}},{"start":{},"end":{}}]}},"s":{"0":12,"1":12,"2":30,"3":0,"4":30,"5":30,"6":146,"7":30,"8":1,"9":29,"10":12,"11":28,"12":0,"13":28,"14":28,"15":56,"16":28,"17":1,"18":27},"f":{"0":30,"1":146,"2":28,"3":56},"b":{"0":[0,30],"1":[30,30],"2":[1,29],"3":[0,28],"4":[28,28],"5":[1,27]}}
,"C:\\Users\\karlo\\workspace\\repo\\group-1068862\\etnair\\api\\src\\middleware\\error.ts": {"path":"C:\\Users\\karlo\\workspace\\repo\\group-1068862\\etnair\\api\\src\\middleware\\error.ts","statementMap":{"0":{"start":{"line":10,"column":0},"end":{"line":10,"column":16}},"1":{"start":{"line":11,"column":19},"end":{"line":11,"column":22}},"2":{"start":{"line":12,"column":16},"end":{"line":12,"column":39}},"3":{"start":{"line":13,"column":25},"end":{"line":13,"column":34}},"4":{"start":{"line":14,"column":33},"end":{"line":14,"column":42}},"5":{"start":{"line":16,"column":2},"end":{"line":22,"column":3}},"6":{"start":{"line":17,"column":14},"end":{"line":17,"column":34}},"7":{"start":{"line":18,"column":4},"end":{"line":18,"column":68}},"8":{"start":{"line":18,"column":42},"end":{"line":18,"column":68}},"9":{"start":{"line":19,"column":4},"end":{"line":19,"column":59}},"10":{"start":{"line":19,"column":39},"end":{"line":19,"column":59}},"11":{"start":{"line":20,"column":4},"end":{"line":20,"column":53}},"12":{"start":{"line":20,"column":33},"end":{"line":20,"column":53}},"13":{"start":{"line":21,"column":4},"end":{"line":21,"column":50}},"14":{"start":{"line":21,"column":36},"end":{"line":21,"column":50}},"15":{"start":{"line":25,"column":2},"end":{"line":27,"column":3}},"16":{"start":{"line":26,"column":4},"end":{"line":26,"column":34}},"17":{"start":{"line":29,"column":2},"end":{"line":33,"column":5}}},"fnMap":{"0":{"name":"errorHandler","decl":{"start":{"line":10,"column":16},"end":{"line":10,"column":28}},"loc":{"start":{"line":10,"column":92},"end":{"line":34,"column":1}}}},"branchMap":{"0":{"loc":{"start":{"line":16,"column":2},"end":{"line":22,"column":3}},"type":"if","locations":[{"start":{"line":16,"column":2},"end":{"line":22,"column":3}},{"start":{},"end":{}}]},"1":{"loc":{"start":{"line":16,"column":6},"end":{"line":16,"column":45}},"type":"binary-expr","locations":[{"start":{"line":16,"column":6},"end":{"line":16,"column":29}},{"start":{"line":16,"column":33},"end":{"line":16,"column":45}}]},"2":{"loc":{"start":{"line":18,"column":4},"end":{"line":18,"column":68}},"type":"if","locations":[{"start":{"line":18,"column":4},"end":{"line":18,"column":68}},{"start":{},"end":{}}]},"3":{"loc":{"start":{"line":19,"column":4},"end":{"line":19,"column":59}},"type":"if","locations":[{"start":{"line":19,"column":4},"end":{"line":19,"column":59}},{"start":{},"end":{}}]},"4":{"loc":{"start":{"line":20,"column":4},"end":{"line":20,"column":53}},"type":"if","locations":[{"start":{"line":20,"column":4},"end":{"line":20,"column":53}},{"start":{},"end":{}}]},"5":{"loc":{"start":{"line":21,"column":4},"end":{"line":21,"column":50}},"type":"if","locations":[{"start":{"line":21,"column":4},"end":{"line":21,"column":50}},{"start":{},"end":{}}]},"6":{"loc":{"start":{"line":25,"column":2},"end":{"line":27,"column":3}},"type":"if","locations":[{"start":{"line":25,"column":2},"end":{"line":27,"column":3}},{"start":{},"end":{}}]},"7":{"loc":{"start":{"line":25,"column":8},"end":{"line":25,"column":59}},"type":"binary-expr","locations":[{"start":{"line":25,"column":8},"end":{"line":25,"column":39}},{"start":{"line":25,"column":43},"end":{"line":25,"column":59}}]},"8":{"loc":{"start":{"line":31,"column":8},"end":{"line":31,"column":28}},"type":"cond-expr","locations":[{"start":{"line":31,"column":15},"end":{"line":31,"column":23}},{"start":{"line":31,"column":26},"end":{"line":31,"column":28}}]},"9":{"loc":{"start":{"line":32,"column":8},"end":{"line":32,"column":48}},"type":"cond-expr","locations":[{"start":{"line":32,"column":32},"end":{"line":32,"column":43}},{"start":{"line":32,"column":46},"end":{"line":32,"column":48}}]}},"s":{"0":12,"1":14,"2":14,"3":14,"4":14,"5":14,"6":14,"7":14,"8":13,"9":14,"10":14,"11":14,"12":7,"13":14,"14":10,"15":14,"16":1,"17":14},"f":{"0":14},"b":{"0":[14,0],"1":[14,14],"2":[13,1],"3":[14,0],"4":[7,7],"5":[10,4],"6":[1,13],"7":[14,14],"8":[10,4],"9":[7,7]}}
,"C:\\Users\\karlo\\workspace\\repo\\group-1068862\\etnair\\api\\src\\middleware\\role.ts": {"path":"C:\\Users\\karlo\\workspace\\repo\\group-1068862\\etnair\\api\\src\\middleware\\role.ts","statementMap":{"0":{"start":{"line":6,"column":0},"end":{"line":6,"column":16}},"1":{"start":{"line":2,"column":0},"end":{"line":2,"column":45}},"2":{"start":{"line":7,"column":2},"end":{"line":17,"column":4}},"3":{"start":{"line":8,"column":4},"end":{"line":10,"column":5}},"4":{"start":{"line":9,"column":6},"end":{"line":9,"column":84}},"5":{"start":{"line":12,"column":4},"end":{"line":14,"column":5}},"6":{"start":{"line":13,"column":6},"end":{"line":13,"column":78}},"7":{"start":{"line":16,"column":4},"end":{"line":16,"column":18}}},"fnMap":{"0":{"name":"requireRole","decl":{"start":{"line":6,"column":16},"end":{"line":6,"column":27}},"loc":{"start":{"line":6,"column":46},"end":{"line":18,"column":1}}},"1":{"name":"(anonymous_1)","decl":{"start":{"line":7,"column":9},"end":{"line":7,"column":10}},"loc":{"start":{"line":7,"column":62},"end":{"line":17,"column":3}}}},"branchMap":{"0":{"loc":{"start":{"line":8,"column":4},"end":{"line":10,"column":5}},"type":"if","locations":[{"start":{"line":8,"column":4},"end":{"line":10,"column":5}},{"start":{},"end":{}}]},"1":{"loc":{"start":{"line":12,"column":4},"end":{"line":14,"column":5}},"type":"if","locations":[{"start":{"line":12,"column":4},"end":{"line":14,"column":5}},{"start":{},"end":{}}]}},"s":{"0":12,"1":12,"2":120,"3":26,"4":0,"5":26,"6":1,"7":25},"f":{"0":120,"1":26},"b":{"0":[0,26],"1":[1,25]}}
,"C:\\Users\\karlo\\workspace\\repo\\group-1068862\\etnair\\api\\src\\middleware\\users.validation.ts": {"path":"C:\\Users\\karlo\\workspace\\repo\\group-1068862\\etnair\\api\\src\\middleware\\users.validation.ts","statementMap":{"0":{"start":{"line":1,"column":0},"end":{"line":1,"column":48}},"1":{"start":{"line":3,"column":13},"end":{"line":7,"column":2}},"2":{"start":{"line":9,"column":13},"end":{"line":53,"column":2}},"3":{"start":{"line":14,"column":4},"end":{"line":14,"column":57}},"4":{"start":{"line":14,"column":45},"end":{"line":14,"column":57}},"5":{"start":{"line":15,"column":17},"end":{"line":15,"column":35}},"6":{"start":{"line":16,"column":4},"end":{"line":18,"column":5}},"7":{"start":{"line":17,"column":6},"end":{"line":17,"column":54}},"8":{"start":{"line":19,"column":4},"end":{"line":19,"column":16}},"9":{"start":{"line":45,"column":4},"end":{"line":45,"column":57}},"10":{"start":{"line":45,"column":45},"end":{"line":45,"column":57}},"11":{"start":{"line":46,"column":20},"end":{"line":46,"column":68}},"12":{"start":{"line":47,"column":20},"end":{"line":47,"column":69}},"13":{"start":{"line":47,"column":53},"end":{"line":47,"column":68}},"14":{"start":{"line":48,"column":4},"end":{"line":50,"column":5}},"15":{"start":{"line":49,"column":6},"end":{"line":49,"column":63}},"16":{"start":{"line":51,"column":4},"end":{"line":51,"column":16}},"17":{"start":{"line":55,"column":13},"end":{"line":57,"column":2}}},"fnMap":{"0":{"name":"(anonymous_0)","decl":{"start":{"line":12,"column":16},"end":{"line":12,"column":17}},"loc":{"start":{"line":12,"column":26},"end":{"line":20,"column":3}}},"1":{"name":"(anonymous_1)","decl":{"start":{"line":44,"column":16},"end":{"line":44,"column":17}},"loc":{"start":{"line":44,"column":26},"end":{"line":52,"column":3}}},"2":{"name":"(anonymous_2)","decl":{"start":{"line":47,"column":46},"end":{"line":47,"column":47}},"loc":{"start":{"line":47,"column":53},"end":{"line":47,"column":68}}}},"branchMap":{"0":{"loc":{"start":{"line":14,"column":4},"end":{"line":14,"column":57}},"type":"if","locations":[{"start":{"line":14,"column":4},"end":{"line":14,"column":57}},{"start":{},"end":{}}]},"1":{"loc":{"start":{"line":14,"column":8},"end":{"line":14,"column":43}},"type":"binary-expr","locations":[{"start":{"line":14,"column":8},"end":{"line":14,"column":14}},{"start":{"line":14,"column":18},"end":{"line":14,"column":43}}]},"2":{"loc":{"start":{"line":16,"column":4},"end":{"line":18,"column":5}},"type":"if","locations":[{"start":{"line":16,"column":4},"end":{"line":18,"column":5}},{"start":{},"end":{}}]},"3":{"loc":{"start":{"line":45,"column":4},"end":{"line":45,"column":57}},"type":"if","locations":[{"start":{"line":45,"column":4},"end":{"line":45,"column":57}},{"start":{},"end":{}}]},"4":{"loc":{"start":{"line":45,"column":8},"end":{"line":45,"column":43}},"type":"binary-expr","locations":[{"start":{"line":45,"column":8},"end":{"line":45,"column":14}},{"start":{"line":45,"column":18},"end":{"line":45,"column":43}}]},"5":{"loc":{"start":{"line":48,"column":4},"end":{"line":50,"column":5}},"type":"if","locations":[{"start":{"line":48,"column":4},"end":{"line":50,"column":5}},{"start":{},"end":{}}]}},"s":{"0":12,"1":12,"2":12,"3":2,"4":0,"5":2,"6":2,"7":0,"8":2,"9":2,"10":0,"11":2,"12":2,"13":2,"14":2,"15":0,"16":2,"17":12},"f":{"0":2,"1":2,"2":2},"b":{"0":[0,2],"1":[2,2],"2":[0,2],"3":[0,2],"4":[2,2],"5":[0,2]}}
,"C:\\Users\\karlo\\workspace\\repo\\group-1068862\\etnair\\api\\src\\middleware\\validation.ts": {"path":"C:\\Users\\karlo\\workspace\\repo\\group-1068862\\etnair\\api\\src\\middleware\\validation.ts","statementMap":{"0":{"start":{"line":5,"column":0},"end":{"line":5,"column":16}},"1":{"start":{"line":1,"column":0},"end":{"line":1,"column":53}},"2":{"start":{"line":3,"column":0},"end":{"line":3,"column":45}},"3":{"start":{"line":6,"column":17},"end":{"line":6,"column":38}},"4":{"start":{"line":8,"column":2},"end":{"line":18,"column":3}},"5":{"start":{"line":9,"column":4},"end":{"line":17,"column":6}},"6":{"start":{"line":12,"column":49},"end":{"line":15,"column":10}},"7":{"start":{"line":20,"column":2},"end":{"line":20,"column":16}}},"fnMap":{"0":{"name":"handleValidationErrors","decl":{"start":{"line":5,"column":16},"end":{"line":5,"column":38}},"loc":{"start":{"line":5,"column":87},"end":{"line":21,"column":1}}},"1":{"name":"(anonymous_1)","decl":{"start":{"line":12,"column":36},"end":{"line":12,"column":37}},"loc":{"start":{"line":12,"column":49},"end":{"line":15,"column":10}}}},"branchMap":{"0":{"loc":{"start":{"line":8,"column":2},"end":{"line":18,"column":3}},"type":"if","locations":[{"start":{"line":8,"column":2},"end":{"line":18,"column":3}},{"start":{},"end":{}}]},"1":{"loc":{"start":{"line":13,"column":17},"end":{"line":13,"column":47}},"type":"binary-expr","locations":[{"start":{"line":13,"column":17},"end":{"line":13,"column":23}},{"start":{"line":13,"column":27},"end":{"line":13,"column":34}},{"start":{"line":13,"column":38},"end":{"line":13,"column":47}}]}},"s":{"0":12,"1":12,"2":12,"3":61,"4":61,"5":7,"6":13,"7":54},"f":{"0":61,"1":13},"b":{"0":[7,54],"1":[13,0,0]}}
,"C:\\Users\\karlo\\workspace\\repo\\group-1068862\\etnair\\api\\src\\routes\\auth.routes.ts": {"path":"C:\\Users\\karlo\\workspace\\repo\\group-1068862\\etnair\\api\\src\\routes\\auth.routes.ts","statementMap":{"0":{"start":{"line":82,"column":0},"end":{"line":82,"column":33}},"1":{"start":{"line":83,"column":0},"end":{"line":83,"column":53}},"2":{"start":{"line":84,"column":0},"end":{"line":84,"column":66}},"3":{"start":{"line":85,"column":0},"end":{"line":85,"column":65}},"4":{"start":{"line":86,"column":0},"end":{"line":86,"column":84}},"5":{"start":{"line":89,"column":15},"end":{"line":89,"column":23}},"6":{"start":{"line":91,"column":0},"end":{"line":96,"column":2}},"7":{"start":{"line":98,"column":0},"end":{"line":103,"column":2}},"8":{"start":{"line":105,"column":0},"end":{"line":105,"column":22}}},"fnMap":{},"branchMap":{},"s":{"0":12,"1":12,"2":12,"3":12,"4":12,"5":12,"6":12,"7":12,"8":12},"f":{},"b":{}}
,"C:\\Users\\karlo\\workspace\\repo\\group-1068862\\etnair\\api\\src\\routes\\bookings.routes.ts": {"path":"C:\\Users\\karlo\\workspace\\repo\\group-1068862\\etnair\\api\\src\\routes\\bookings.routes.ts","statementMap":{"0":{"start":{"line":271,"column":0},"end":{"line":271,"column":33}},"1":{"start":{"line":272,"column":0},"end":{"line":272,"column":49}},"2":{"start":{"line":273,"column":0},"end":{"line":273,"column":49}},"3":{"start":{"line":274,"column":0},"end":{"line":274,"column":null}},"4":{"start":{"line":283,"column":15},"end":{"line":283,"column":23}},"5":{"start":{"line":286,"column":0},"end":{"line":286,"column":68}},"6":{"start":{"line":287,"column":0},"end":{"line":287,"column":70}},"7":{"start":{"line":288,"column":0},"end":{"line":288,"column":81}},"8":{"start":{"line":291,"column":0},"end":{"line":291,"column":75}},"9":{"start":{"line":292,"column":0},"end":{"line":292,"column":80}},"10":{"start":{"line":293,"column":0},"end":{"line":293,"column":94}},"11":{"start":{"line":295,"column":0},"end":{"line":295,"column":22}}},"fnMap":{},"branchMap":{},"s":{"0":12,"1":12,"2":12,"3":12,"4":12,"5":12,"6":12,"7":12,"8":12,"9":12,"10":12,"11":12},"f":{},"b":{}}
,"C:\\Users\\karlo\\workspace\\repo\\group-1068862\\etnair\\api\\src\\routes\\me.routes.ts": {"path":"C:\\Users\\karlo\\workspace\\repo\\group-1068862\\etnair\\api\\src\\routes\\me.routes.ts","statementMap":{"0":{"start":{"line":21,"column":0},"end":{"line":21,"column":33}},"1":{"start":{"line":22,"column":0},"end":{"line":22,"column":49}},"2":{"start":{"line":24,"column":15},"end":{"line":24,"column":23}},"3":{"start":{"line":26,"column":0},"end":{"line":28,"column":3}},"4":{"start":{"line":27,"column":2},"end":{"line":27,"column":31}},"5":{"start":{"line":30,"column":0},"end":{"line":30,"column":22}}},"fnMap":{"0":{"name":"(anonymous_0)","decl":{"start":{"line":26,"column":31},"end":{"line":26,"column":32}},"loc":{"start":{"line":26,"column":44},"end":{"line":28,"column":1}}}},"branchMap":{},"s":{"0":12,"1":12,"2":12,"3":12,"4":0,"5":12},"f":{"0":0},"b":{}}
,"C:\\Users\\karlo\\workspace\\repo\\group-1068862\\etnair\\api\\src\\routes\\properties.routes.ts": {"path":"C:\\Users\\karlo\\workspace\\repo\\group-1068862\\etnair\\api\\src\\routes\\properties.routes.ts","statementMap":{"0":{"start":{"line":240,"column":0},"end":{"line":240,"column":33}},"1":{"start":{"line":241,"column":0},"end":{"line":241,"column":null}},"2":{"start":{"line":248,"column":0},"end":{"line":248,"column":49}},"3":{"start":{"line":249,"column":0},"end":{"line":249,"column":49}},"4":{"start":{"line":251,"column":15},"end":{"line":251,"column":23}},"5":{"start":{"line":254,"column":0},"end":{"line":254,"column":32}},"6":{"start":{"line":255,"column":0},"end":{"line":255,"column":36}},"7":{"start":{"line":258,"column":0},"end":{"line":258,"column":68}},"8":{"start":{"line":259,"column":0},"end":{"line":259,"column":72}},"9":{"start":{"line":260,"column":0},"end":{"line":260,"column":70}},"10":{"start":{"line":261,"column":0},"end":{"line":261,"column":73}},"11":{"start":{"line":263,"column":0},"end":{"line":263,"column":22}}},"fnMap":{},"branchMap":{},"s":{"0":12,"1":12,"2":12,"3":12,"4":12,"5":12,"6":12,"7":12,"8":12,"9":12,"10":12,"11":12},"f":{},"b":{}}
,"C:\\Users\\karlo\\workspace\\repo\\group-1068862\\etnair\\api\\src\\routes\\users.routes.ts": {"path":"C:\\Users\\karlo\\workspace\\repo\\group-1068862\\etnair\\api\\src\\routes\\users.routes.ts","statementMap":{"0":{"start":{"line":1,"column":0},"end":{"line":1,"column":33}},"1":{"start":{"line":2,"column":0},"end":{"line":2,"column":49}},"2":{"start":{"line":3,"column":0},"end":{"line":3,"column":53}},"3":{"start":{"line":4,"column":0},"end":{"line":4,"column":73}},"4":{"start":{"line":5,"column":0},"end":{"line":5,"column":66}},"5":{"start":{"line":6,"column":0},"end":{"line":6,"column":92}},"6":{"start":{"line":8,"column":15},"end":{"line":8,"column":23}},"7":{"start":{"line":10,"column":0},"end":{"line":16,"column":2}},"8":{"start":{"line":18,"column":0},"end":{"line":24,"column":2}},"9":{"start":{"line":26,"column":0},"end":{"line":26,"column":22}}},"fnMap":{},"branchMap":{},"s":{"0":12,"1":12,"2":12,"3":12,"4":12,"5":12,"6":12,"7":12,"8":12,"9":12},"f":{},"b":{}}
,"C:\\Users\\karlo\\workspace\\repo\\group-1068862\\etnair\\api\\src\\services\\auth.service.ts": {"path":"C:\\Users\\karlo\\workspace\\repo\\group-1068862\\etnair\\api\\src\\services\\auth.service.ts","statementMap":{"0":{"start":{"line":14,"column":0},"end":{"line":14,"column":7}},"1":{"start":{"line":47,"column":0},"end":{"line":47,"column":7}},"2":{"start":{"line":1,"column":0},"end":{"line":1,"column":28}},"3":{"start":{"line":2,"column":0},"end":{"line":2,"column":31}},"4":{"start":{"line":3,"column":0},"end":{"line":3,"column":35}},"5":{"start":{"line":4,"column":0},"end":{"line":4,"column":45}},"6":{"start":{"line":9,"column":17},"end":{"line":9,"column":39}},"7":{"start":{"line":10,"column":2},"end":{"line":10,"column":64}},"8":{"start":{"line":10,"column":15},"end":{"line":10,"column":64}},"9":{"start":{"line":11,"column":2},"end":{"line":11,"column":16}},"10":{"start":{"line":21,"column":31},"end":{"line":21,"column":73}},"11":{"start":{"line":23,"column":19},"end":{"line":23,"column":82}},"12":{"start":{"line":24,"column":2},"end":{"line":24,"column":62}},"13":{"start":{"line":24,"column":16},"end":{"line":24,"column":62}},"14":{"start":{"line":26,"column":24},"end":{"line":26,"column":60}},"15":{"start":{"line":28,"column":2},"end":{"line":44,"column":5}},"16":{"start":{"line":48,"column":15},"end":{"line":48,"column":85}},"17":{"start":{"line":49,"column":2},"end":{"line":49,"column":60}},"18":{"start":{"line":49,"column":13},"end":{"line":49,"column":60}},"19":{"start":{"line":51,"column":13},"end":{"line":51,"column":75}},"20":{"start":{"line":52,"column":2},"end":{"line":52,"column":58}},"21":{"start":{"line":52,"column":11},"end":{"line":52,"column":58}},"22":{"start":{"line":54,"column":16},"end":{"line":57,"column":null}},"23":{"start":{"line":60,"column":2},"end":{"line":69,"column":4}}},"fnMap":{"0":{"name":"getJwtSecret","decl":{"start":{"line":8,"column":9},"end":{"line":8,"column":21}},"loc":{"start":{"line":8,"column":21},"end":{"line":12,"column":1}}},"1":{"name":"register","decl":{"start":{"line":14,"column":22},"end":{"line":14,"column":30}},"loc":{"start":{"line":20,"column":1},"end":{"line":45,"column":1}}},"2":{"name":"login","decl":{"start":{"line":47,"column":22},"end":{"line":47,"column":27}},"loc":{"start":{"line":47,"column":76},"end":{"line":70,"column":1}}}},"branchMap":{"0":{"loc":{"start":{"line":10,"column":2},"end":{"line":10,"column":64}},"type":"if","locations":[{"start":{"line":10,"column":2},"end":{"line":10,"column":64}},{"start":{},"end":{}}]},"1":{"loc":{"start":{"line":21,"column":31},"end":{"line":21,"column":73}},"type":"cond-expr","locations":[{"start":{"line":21,"column":55},"end":{"line":21,"column":62}},{"start":{"line":21,"column":65},"end":{"line":21,"column":73}}]},"2":{"loc":{"start":{"line":24,"column":2},"end":{"line":24,"column":62}},"type":"if","locations":[{"start":{"line":24,"column":2},"end":{"line":24,"column":62}},{"start":{},"end":{}}]},"3":{"loc":{"start":{"line":49,"column":2},"end":{"line":49,"column":60}},"type":"if","locations":[{"start":{"line":49,"column":2},"end":{"line":49,"column":60}},{"start":{},"end":{}}]},"4":{"loc":{"start":{"line":52,"column":2},"end":{"line":52,"column":58}},"type":"if","locations":[{"start":{"line":52,"column":2},"end":{"line":52,"column":58}},{"start":{},"end":{}}]}},"s":{"0":12,"1":12,"2":12,"3":12,"4":12,"5":12,"6":24,"7":24,"8":0,"9":24,"10":26,"11":26,"12":26,"13":0,"14":26,"15":26,"16":25,"17":25,"18":0,"19":25,"20":25,"21":1,"22":24,"23":24},"f":{"0":24,"1":26,"2":25},"b":{"0":[0,24],"1":[13,13],"2":[0,26],"3":[0,25],"4":[1,24]}}
,"C:\\Users\\karlo\\workspace\\repo\\group-1068862\\etnair\\api\\src\\services\\bookings.service.ts": {"path":"C:\\Users\\karlo\\workspace\\repo\\group-1068862\\etnair\\api\\src\\services\\bookings.service.ts","statementMap":{"0":{"start":{"line":17,"column":0},"end":{"line":17,"column":7}},"1":{"start":{"line":73,"column":0},"end":{"line":73,"column":16}},"2":{"start":{"line":93,"column":0},"end":{"line":93,"column":16}},"3":{"start":{"line":114,"column":0},"end":{"line":114,"column":7}},"4":{"start":{"line":141,"column":0},"end":{"line":141,"column":7}},"5":{"start":{"line":168,"column":0},"end":{"line":168,"column":7}},"6":{"start":{"line":1,"column":0},"end":{"line":1,"column":35}},"7":{"start":{"line":2,"column":0},"end":{"line":2,"column":40}},"8":{"start":{"line":3,"column":0},"end":{"line":3,"column":45}},"9":{"start":{"line":7,"column":12},"end":{"line":7,"column":29}},"10":{"start":{"line":8,"column":2},"end":{"line":8,"column":97}},"11":{"start":{"line":8,"column":33},"end":{"line":8,"column":97}},"12":{"start":{"line":9,"column":2},"end":{"line":9,"column":11}},"13":{"start":{"line":13,"column":13},"end":{"line":13,"column":44}},"14":{"start":{"line":14,"column":2},"end":{"line":14,"column":47}},"15":{"start":{"line":25,"column":16},"end":{"line":25,"column":45}},"16":{"start":{"line":26,"column":14},"end":{"line":26,"column":41}},"17":{"start":{"line":28,"column":2},"end":{"line":28,"column":81}},"18":{"start":{"line":28,"column":20},"end":{"line":28,"column":81}},"19":{"start":{"line":30,"column":19},"end":{"line":33,"column":4}},"20":{"start":{"line":34,"column":2},"end":{"line":34,"column":63}},"21":{"start":{"line":34,"column":17},"end":{"line":34,"column":63}},"22":{"start":{"line":36,"column":18},"end":{"line":43,"column":4}},"23":{"start":{"line":45,"column":2},"end":{"line":45,"column":90}},"24":{"start":{"line":45,"column":15},"end":{"line":45,"column":90}},"25":{"start":{"line":47,"column":17},"end":{"line":47,"column":40}},"26":{"start":{"line":48,"column":16},"end":{"line":48,"column":72}},"27":{"start":{"line":50,"column":2},"end":{"line":70,"column":5}},"28":{"start":{"line":74,"column":2},"end":{"line":90,"column":5}},"29":{"start":{"line":94,"column":2},"end":{"line":111,"column":5}},"30":{"start":{"line":115,"column":18},"end":{"line":118,"column":4}},"31":{"start":{"line":120,"column":2},"end":{"line":120,"column":61}},"32":{"start":{"line":120,"column":16},"end":{"line":120,"column":61}},"33":{"start":{"line":121,"column":2},"end":{"line":121,"column":104}},"34":{"start":{"line":121,"column":47},"end":{"line":121,"column":104}},"35":{"start":{"line":122,"column":2},"end":{"line":122,"column":100}},"36":{"start":{"line":122,"column":38},"end":{"line":122,"column":100}},"37":{"start":{"line":124,"column":2},"end":{"line":138,"column":5}},"38":{"start":{"line":142,"column":18},"end":{"line":145,"column":4}},"39":{"start":{"line":147,"column":2},"end":{"line":147,"column":61}},"40":{"start":{"line":147,"column":16},"end":{"line":147,"column":61}},"41":{"start":{"line":148,"column":2},"end":{"line":148,"column":104}},"42":{"start":{"line":148,"column":47},"end":{"line":148,"column":104}},"43":{"start":{"line":149,"column":2},"end":{"line":149,"column":91}},"44":{"start":{"line":149,"column":38},"end":{"line":149,"column":91}},"45":{"start":{"line":151,"column":2},"end":{"line":165,"column":5}},"46":{"start":{"line":169,"column":18},"end":{"line":169,"column":80}},"47":{"start":{"line":171,"column":2},"end":{"line":171,"column":61}},"48":{"start":{"line":171,"column":16},"end":{"line":171,"column":61}},"49":{"start":{"line":172,"column":2},"end":{"line":172,"column":94}},"50":{"start":{"line":172,"column":38},"end":{"line":172,"column":94}},"51":{"start":{"line":173,"column":2},"end":{"line":173,"column":99}},"52":{"start":{"line":173,"column":38},"end":{"line":173,"column":99}},"53":{"start":{"line":174,"column":2},"end":{"line":174,"column":91}},"54":{"start":{"line":174,"column":38},"end":{"line":174,"column":91}},"55":{"start":{"line":176,"column":2},"end":{"line":190,"column":5}}},"fnMap":{"0":{"name":"parseISODate","decl":{"start":{"line":5,"column":9},"end":{"line":5,"column":21}},"loc":{"start":{"line":5,"column":37},"end":{"line":10,"column":1}}},"1":{"name":"daysBetween","decl":{"start":{"line":12,"column":9},"end":{"line":12,"column":20}},"loc":{"start":{"line":12,"column":43},"end":{"line":15,"column":1}}},"2":{"name":"createBooking","decl":{"start":{"line":17,"column":22},"end":{"line":17,"column":35}},"loc":{"start":{"line":23,"column":3},"end":{"line":71,"column":1}}},"3":{"name":"listMyBookings","decl":{"start":{"line":73,"column":16},"end":{"line":73,"column":30}},"loc":{"start":{"line":73,"column":47},"end":{"line":91,"column":1}}},"4":{"name":"listOwnerBookings","decl":{"start":{"line":93,"column":16},"end":{"line":93,"column":33}},"loc":{"start":{"line":93,"column":49},"end":{"line":112,"column":1}}},"5":{"name":"confirmBooking","decl":{"start":{"line":114,"column":22},"end":{"line":114,"column":36}},"loc":{"start":{"line":114,"column":71},"end":{"line":139,"column":1}}},"6":{"name":"cancelByOwner","decl":{"start":{"line":141,"column":22},"end":{"line":141,"column":35}},"loc":{"start":{"line":141,"column":70},"end":{"line":166,"column":1}}},"7":{"name":"cancelByTenant","decl":{"start":{"line":168,"column":22},"end":{"line":168,"column":36}},"loc":{"start":{"line":168,"column":72},"end":{"line":191,"column":1}}}},"branchMap":{"0":{"loc":{"start":{"line":8,"column":2},"end":{"line":8,"column":97}},"type":"if","locations":[{"start":{"line":8,"column":2},"end":{"line":8,"column":97}},{"start":{},"end":{}}]},"1":{"loc":{"start":{"line":28,"column":2},"end":{"line":28,"column":81}},"type":"if","locations":[{"start":{"line":28,"column":2},"end":{"line":28,"column":81}},{"start":{},"end":{}}]},"2":{"loc":{"start":{"line":34,"column":2},"end":{"line":34,"column":63}},"type":"if","locations":[{"start":{"line":34,"column":2},"end":{"line":34,"column":63}},{"start":{},"end":{}}]},"3":{"loc":{"start":{"line":45,"column":2},"end":{"line":45,"column":90}},"type":"if","locations":[{"start":{"line":45,"column":2},"end":{"line":45,"column":90}},{"start":{},"end":{}}]},"4":{"loc":{"start":{"line":120,"column":2},"end":{"line":120,"column":61}},"type":"if","locations":[{"start":{"line":120,"column":2},"end":{"line":120,"column":61}},{"start":{},"end":{}}]},"5":{"loc":{"start":{"line":121,"column":2},"end":{"line":121,"column":104}},"type":"if","locations":[{"start":{"line":121,"column":2},"end":{"line":121,"column":104}},{"start":{},"end":{}}]},"6":{"loc":{"start":{"line":122,"column":2},"end":{"line":122,"column":100}},"type":"if","locations":[{"start":{"line":122,"column":2},"end":{"line":122,"column":100}},{"start":{},"end":{}}]},"7":{"loc":{"start":{"line":147,"column":2},"end":{"line":147,"column":61}},"type":"if","locations":[{"start":{"line":147,"column":2},"end":{"line":147,"column":61}},{"start":{},"end":{}}]},"8":{"loc":{"start":{"line":148,"column":2},"end":{"line":148,"column":104}},"type":"if","locations":[{"start":{"line":148,"column":2},"end":{"line":148,"column":104}},{"start":{},"end":{}}]},"9":{"loc":{"start":{"line":149,"column":2},"end":{"line":149,"column":91}},"type":"if","locations":[{"start":{"line":149,"column":2},"end":{"line":149,"column":91}},{"start":{},"end":{}}]},"10":{"loc":{"start":{"line":171,"column":2},"end":{"line":171,"column":61}},"type":"if","locations":[{"start":{"line":171,"column":2},"end":{"line":171,"column":61}},{"start":{},"end":{}}]},"11":{"loc":{"start":{"line":172,"column":2},"end":{"line":172,"column":94}},"type":"if","locations":[{"start":{"line":172,"column":2},"end":{"line":172,"column":94}},{"start":{},"end":{}}]},"12":{"loc":{"start":{"line":173,"column":2},"end":{"line":173,"column":99}},"type":"if","locations":[{"start":{"line":173,"column":2},"end":{"line":173,"column":99}},{"start":{},"end":{}}]},"13":{"loc":{"start":{"line":174,"column":2},"end":{"line":174,"column":91}},"type":"if","locations":[{"start":{"line":174,"column":2},"end":{"line":174,"column":91}},{"start":{},"end":{}}]}},"s":{"0":12,"1":12,"2":12,"3":12,"4":12,"5":12,"6":12,"7":12,"8":12,"9":10,"10":10,"11":0,"12":10,"13":5,"14":5,"15":5,"16":5,"17":5,"18":0,"19":5,"20":5,"21":0,"22":5,"23":5,"24":0,"25":5,"26":5,"27":5,"28":1,"29":1,"30":1,"31":1,"32":0,"33":1,"34":0,"35":1,"36":0,"37":1,"38":1,"39":1,"40":0,"41":1,"42":0,"43":1,"44":0,"45":1,"46":1,"47":1,"48":0,"49":1,"50":0,"51":1,"52":0,"53":1,"54":0,"55":1},"f":{"0":10,"1":5,"2":5,"3":1,"4":1,"5":1,"6":1,"7":1},"b":{"0":[0,10],"1":[0,5],"2":[0,5],"3":[0,5],"4":[0,1],"5":[0,1],"6":[0,1],"7":[0,1],"8":[0,1],"9":[0,1],"10":[0,1],"11":[0,1],"12":[0,1],"13":[0,1]}}
,"C:\\Users\\karlo\\workspace\\repo\\group-1068862\\etnair\\api\\src\\services\\properties.service.ts": {"path":"C:\\Users\\karlo\\workspace\\repo\\group-1068862\\etnair\\api\\src\\services\\properties.service.ts","statementMap":{"0":{"start":{"line":5,"column":0},"end":{"line":5,"column":16}},"1":{"start":{"line":23,"column":0},"end":{"line":23,"column":16}},"2":{"start":{"line":41,"column":0},"end":{"line":41,"column":16}},"3":{"start":{"line":83,"column":0},"end":{"line":83,"column":7}},"4":{"start":{"line":139,"column":0},"end":{"line":139,"column":7}},"5":{"start":{"line":1,"column":0},"end":{"line":1,"column":35}},"6":{"start":{"line":2,"column":0},"end":{"line":2,"column":40}},"7":{"start":{"line":3,"column":0},"end":{"line":3,"column":45}},"8":{"start":{"line":6,"column":2},"end":{"line":20,"column":5}},"9":{"start":{"line":24,"column":2},"end":{"line":38,"column":5}},"10":{"start":{"line":52,"column":17},"end":{"line":52,"column":37}},"11":{"start":{"line":53,"column":2},"end":{"line":53,"column":69}},"12":{"start":{"line":53,"column":18},"end":{"line":53,"column":69}},"13":{"start":{"line":55,"column":16},"end":{"line":55,"column":56}},"14":{"start":{"line":56,"column":2},"end":{"line":56,"column":75}},"15":{"start":{"line":56,"column":19},"end":{"line":56,"column":75}},"16":{"start":{"line":58,"column":2},"end":{"line":80,"column":5}},"17":{"start":{"line":95,"column":19},"end":{"line":98,"column":4}},"18":{"start":{"line":100,"column":2},"end":{"line":100,"column":63}},"19":{"start":{"line":100,"column":17},"end":{"line":100,"column":63}},"20":{"start":{"line":101,"column":2},"end":{"line":101,"column":94}},"21":{"start":{"line":101,"column":37},"end":{"line":101,"column":94}},"22":{"start":{"line":103,"column":51},"end":{"line":103,"column":53}},"23":{"start":{"line":105,"column":2},"end":{"line":105,"column":62}},"24":{"start":{"line":105,"column":32},"end":{"line":105,"column":62}},"25":{"start":{"line":106,"column":2},"end":{"line":106,"column":80}},"26":{"start":{"line":106,"column":38},"end":{"line":106,"column":80}},"27":{"start":{"line":107,"column":2},"end":{"line":107,"column":59}},"28":{"start":{"line":107,"column":31},"end":{"line":107,"column":59}},"29":{"start":{"line":108,"column":2},"end":{"line":108,"column":68}},"30":{"start":{"line":108,"column":34},"end":{"line":108,"column":68}},"31":{"start":{"line":110,"column":2},"end":{"line":113,"column":3}},"32":{"start":{"line":111,"column":4},"end":{"line":111,"column":80}},"33":{"start":{"line":111,"column":29},"end":{"line":111,"column":80}},"34":{"start":{"line":112,"column":4},"end":{"line":112,"column":44}},"35":{"start":{"line":115,"column":2},"end":{"line":119,"column":3}},"36":{"start":{"line":116,"column":18},"end":{"line":116,"column":58}},"37":{"start":{"line":117,"column":4},"end":{"line":117,"column":77}},"38":{"start":{"line":117,"column":21},"end":{"line":117,"column":77}},"39":{"start":{"line":118,"column":4},"end":{"line":118,"column":39}},"40":{"start":{"line":121,"column":2},"end":{"line":136,"column":5}},"41":{"start":{"line":140,"column":19},"end":{"line":143,"column":4}},"42":{"start":{"line":145,"column":2},"end":{"line":145,"column":63}},"43":{"start":{"line":145,"column":17},"end":{"line":145,"column":63}},"44":{"start":{"line":146,"column":2},"end":{"line":146,"column":94}},"45":{"start":{"line":146,"column":37},"end":{"line":146,"column":94}},"46":{"start":{"line":148,"column":2},"end":{"line":148,"column":52}}},"fnMap":{"0":{"name":"listProperties","decl":{"start":{"line":5,"column":16},"end":{"line":5,"column":30}},"loc":{"start":{"line":5,"column":30},"end":{"line":21,"column":1}}},"1":{"name":"getPropertyById","decl":{"start":{"line":23,"column":16},"end":{"line":23,"column":31}},"loc":{"start":{"line":23,"column":42},"end":{"line":39,"column":1}}},"2":{"name":"createProperty","decl":{"start":{"line":41,"column":16},"end":{"line":41,"column":30}},"loc":{"start":{"line":50,"column":3},"end":{"line":81,"column":1}}},"3":{"name":"updateProperty","decl":{"start":{"line":83,"column":22},"end":{"line":83,"column":36}},"loc":{"start":{"line":93,"column":3},"end":{"line":137,"column":1}}},"4":{"name":"deleteProperty","decl":{"start":{"line":139,"column":22},"end":{"line":139,"column":36}},"loc":{"start":{"line":139,"column":64},"end":{"line":149,"column":1}}}},"branchMap":{"0":{"loc":{"start":{"line":52,"column":17},"end":{"line":52,"column":37}},"type":"binary-expr","locations":[{"start":{"line":52,"column":17},"end":{"line":52,"column":32}},{"start":{"line":52,"column":36},"end":{"line":52,"column":37}}]},"1":{"loc":{"start":{"line":53,"column":2},"end":{"line":53,"column":69}},"type":"if","locations":[{"start":{"line":53,"column":2},"end":{"line":53,"column":69}},{"start":{},"end":{}}]},"2":{"loc":{"start":{"line":56,"column":2},"end":{"line":56,"column":75}},"type":"if","locations":[{"start":{"line":56,"column":2},"end":{"line":56,"column":75}},{"start":{},"end":{}}]},"3":{"loc":{"start":{"line":62,"column":19},"end":{"line":62,"column":43}},"type":"binary-expr","locations":[{"start":{"line":62,"column":19},"end":{"line":62,"column":35}},{"start":{"line":62,"column":39},"end":{"line":62,"column":43}}]},"4":{"loc":{"start":{"line":65,"column":15},"end":{"line":65,"column":35}},"type":"binary-expr","locations":[{"start":{"line":65,"column":15},"end":{"line":65,"column":27}},{"start":{"line":65,"column":31},"end":{"line":65,"column":35}}]},"5":{"loc":{"start":{"line":100,"column":2},"end":{"line":100,"column":63}},"type":"if","locations":[{"start":{"line":100,"column":2},"end":{"line":100,"column":63}},{"start":{},"end":{}}]},"6":{"loc":{"start":{"line":101,"column":2},"end":{"line":101,"column":94}},"type":"if","locations":[{"start":{"line":101,"column":2},"end":{"line":101,"column":94}},{"start":{},"end":{}}]},"7":{"loc":{"start":{"line":105,"column":2},"end":{"line":105,"column":62}},"type":"if","locations":[{"start":{"line":105,"column":2},"end":{"line":105,"column":62}},{"start":{},"end":{}}]},"8":{"loc":{"start":{"line":106,"column":2},"end":{"line":106,"column":80}},"type":"if","locations":[{"start":{"line":106,"column":2},"end":{"line":106,"column":80}},{"start":{},"end":{}}]},"9":{"loc":{"start":{"line":107,"column":2},"end":{"line":107,"column":59}},"type":"if","locations":[{"start":{"line":107,"column":2},"end":{"line":107,"column":59}},{"start":{},"end":{}}]},"10":{"loc":{"start":{"line":108,"column":2},"end":{"line":108,"column":68}},"type":"if","locations":[{"start":{"line":108,"column":2},"end":{"line":108,"column":68}},{"start":{},"end":{}}]},"11":{"loc":{"start":{"line":110,"column":2},"end":{"line":113,"column":3}},"type":"if","locations":[{"start":{"line":110,"column":2},"end":{"line":113,"column":3}},{"start":{},"end":{}}]},"12":{"loc":{"start":{"line":111,"column":4},"end":{"line":111,"column":80}},"type":"if","locations":[{"start":{"line":111,"column":4},"end":{"line":111,"column":80}},{"start":{},"end":{}}]},"13":{"loc":{"start":{"line":115,"column":2},"end":{"line":119,"column":3}},"type":"if","locations":[{"start":{"line":115,"column":2},"end":{"line":119,"column":3}},{"start":{},"end":{}}]},"14":{"loc":{"start":{"line":117,"column":4},"end":{"line":117,"column":77}},"type":"if","locations":[{"start":{"line":117,"column":4},"end":{"line":117,"column":77}},{"start":{},"end":{}}]},"15":{"loc":{"start":{"line":145,"column":2},"end":{"line":145,"column":63}},"type":"if","locations":[{"start":{"line":145,"column":2},"end":{"line":145,"column":63}},{"start":{},"end":{}}]},"16":{"loc":{"start":{"line":146,"column":2},"end":{"line":146,"column":94}},"type":"if","locations":[{"start":{"line":146,"column":2},"end":{"line":146,"column":94}},{"start":{},"end":{}}]}},"s":{"0":12,"1":12,"2":12,"3":12,"4":12,"5":12,"6":12,"7":12,"8":1,"9":1,"10":11,"11":11,"12":0,"13":11,"14":11,"15":0,"16":11,"17":2,"18":2,"19":0,"20":2,"21":1,"22":1,"23":1,"24":1,"25":1,"26":0,"27":1,"28":0,"29":1,"30":0,"31":1,"32":0,"33":0,"34":0,"35":1,"36":0,"37":0,"38":0,"39":0,"40":1,"41":2,"42":2,"43":0,"44":2,"45":1,"46":1},"f":{"0":1,"1":1,"2":11,"3":2,"4":2},"b":{"0":[11,0],"1":[0,11],"2":[0,11],"3":[11,0],"4":[11,0],"5":[0,2],"6":[1,1],"7":[1,0],"8":[0,1],"9":[0,1],"10":[0,1],"11":[0,1],"12":[0,0],"13":[0,1],"14":[0,0],"15":[0,2],"16":[1,1]}}
,"C:\\Users\\karlo\\workspace\\repo\\group-1068862\\etnair\\api\\src\\services\\users.service.ts": {"path":"C:\\Users\\karlo\\workspace\\repo\\group-1068862\\etnair\\api\\src\\services\\users.service.ts","statementMap":{"0":{"start":{"line":11,"column":0},"end":{"line":11,"column":7}},"1":{"start":{"line":46,"column":0},"end":{"line":46,"column":7}},"2":{"start":{"line":1,"column":0},"end":{"line":1,"column":28}},"3":{"start":{"line":2,"column":0},"end":{"line":2,"column":35}},"4":{"start":{"line":3,"column":0},"end":{"line":3,"column":45}},"5":{"start":{"line":12,"column":19},"end":{"line":12,"column":67}},"6":{"start":{"line":13,"column":2},"end":{"line":15,"column":3}},"7":{"start":{"line":14,"column":4},"end":{"line":14,"column":74}},"8":{"start":{"line":17,"column":42},"end":{"line":17,"column":44}},"9":{"start":{"line":19,"column":2},"end":{"line":19,"column":77}},"10":{"start":{"line":19,"column":37},"end":{"line":19,"column":77}},"11":{"start":{"line":20,"column":2},"end":{"line":20,"column":74}},"12":{"start":{"line":20,"column":36},"end":{"line":20,"column":74}},"13":{"start":{"line":22,"column":2},"end":{"line":25,"column":3}},"14":{"start":{"line":23,"column":26},"end":{"line":23,"column":62}},"15":{"start":{"line":24,"column":4},"end":{"line":24,"column":45}},"16":{"start":{"line":27,"column":2},"end":{"line":29,"column":3}},"17":{"start":{"line":28,"column":4},"end":{"line":28,"column":85}},"18":{"start":{"line":31,"column":2},"end":{"line":43,"column":5}},"19":{"start":{"line":47,"column":19},"end":{"line":47,"column":67}},"20":{"start":{"line":48,"column":2},"end":{"line":50,"column":3}},"21":{"start":{"line":49,"column":4},"end":{"line":49,"column":74}},"22":{"start":{"line":52,"column":2},"end":{"line":52,"column":47}}},"fnMap":{"0":{"name":"updateUser","decl":{"start":{"line":11,"column":22},"end":{"line":11,"column":32}},"loc":{"start":{"line":11,"column":65},"end":{"line":44,"column":1}}},"1":{"name":"deleteUser","decl":{"start":{"line":46,"column":22},"end":{"line":46,"column":32}},"loc":{"start":{"line":46,"column":43},"end":{"line":53,"column":1}}}},"branchMap":{"0":{"loc":{"start":{"line":13,"column":2},"end":{"line":15,"column":3}},"type":"if","locations":[{"start":{"line":13,"column":2},"end":{"line":15,"column":3}},{"start":{},"end":{}}]},"1":{"loc":{"start":{"line":19,"column":2},"end":{"line":19,"column":77}},"type":"if","locations":[{"start":{"line":19,"column":2},"end":{"line":19,"column":77}},{"start":{},"end":{}}]},"2":{"loc":{"start":{"line":20,"column":2},"end":{"line":20,"column":74}},"type":"if","locations":[{"start":{"line":20,"column":2},"end":{"line":20,"column":74}},{"start":{},"end":{}}]},"3":{"loc":{"start":{"line":22,"column":2},"end":{"line":25,"column":3}},"type":"if","locations":[{"start":{"line":22,"column":2},"end":{"line":25,"column":3}},{"start":{},"end":{}}]},"4":{"loc":{"start":{"line":27,"column":2},"end":{"line":29,"column":3}},"type":"if","locations":[{"start":{"line":27,"column":2},"end":{"line":29,"column":3}},{"start":{},"end":{}}]},"5":{"loc":{"start":{"line":48,"column":2},"end":{"line":50,"column":3}},"type":"if","locations":[{"start":{"line":48,"column":2},"end":{"line":50,"column":3}},{"start":{},"end":{}}]}},"s":{"0":12,"1":12,"2":12,"3":12,"4":12,"5":1,"6":1,"7":0,"8":1,"9":1,"10":1,"11":1,"12":0,"13":1,"14":0,"15":0,"16":1,"17":0,"18":1,"19":1,"20":1,"21":0,"22":1},"f":{"0":1,"1":1},"b":{"0":[0,1],"1":[1,0],"2":[0,1],"3":[0,1],"4":[0,1],"5":[0,1]}}
,"C:\\Users\\karlo\\workspace\\repo\\group-1068862\\etnair\\api\\src\\utils\\appError.ts": {"path":"C:\\Users\\karlo\\workspace\\repo\\group-1068862\\etnair\\api\\src\\utils\\appError.ts","statementMap":{"0":{"start":{"line":7,"column":4},"end":{"line":7,"column":19}},"1":{"start":{"line":8,"column":4},"end":{"line":8,"column":33}},"2":{"start":{"line":9,"column":4},"end":{"line":9,"column":30}},"3":{"start":{"line":10,"column":4},"end":{"line":10,"column":36}},"4":{"start":{"line":1,"column":0},"end":{"line":1,"column":13}}},"fnMap":{"0":{"name":"(anonymous_0)","decl":{"start":{"line":6,"column":2},"end":{"line":6,"column":14}},"loc":{"start":{"line":6,"column":97},"end":{"line":11,"column":3}}}},"branchMap":{},"s":{"0":19,"1":19,"2":19,"3":19,"4":13},"f":{"0":19},"b":{}}
,"C:\\Users\\karlo\\workspace\\repo\\group-1068862\\etnair\\api\\src\\utils\\asyncHandler.ts": {"path":"C:\\Users\\karlo\\workspace\\repo\\group-1068862\\etnair\\api\\src\\utils\\asyncHandler.ts","statementMap":{"0":{"start":{"line":4,"column":2},"end":{"line":6,"column":51}},"1":{"start":{"line":5,"column":2},"end":{"line":6,"column":51}},"2":{"start":{"line":6,"column":4},"end":{"line":6,"column":51}},"3":{"start":{"line":3,"column":13},"end":{"line":3,"column":null}}},"fnMap":{"0":{"name":"(anonymous_0)","decl":{"start":{"line":4,"column":2},"end":{"line":4,"column":3}},"loc":{"start":{"line":5,"column":2},"end":{"line":6,"column":51}}},"1":{"name":"(anonymous_1)","decl":{"start":{"line":5,"column":2},"end":{"line":5,"column":3}},"loc":{"start":{"line":6,"column":4},"end":{"line":6,"column":51}}}},"branchMap":{},"s":{"0":12,"1":204,"2":132,"3":12},"f":{"0":204,"1":132},"b":{}}
}
