TN:
SF:src\app.ts
FN:27,(anonymous_1)
FN:33,(anonymous_2)
FNF:2
FNH:1
FNDA:1,(anonymous_1)
FNDA:0,(anonymous_2)
DA:1,12
DA:2,12
DA:3,12
DA:4,12
DA:5,12
DA:6,12
DA:7,12
DA:8,12
DA:9,12
DA:11,12
DA:12,12
DA:13,12
DA:17,12
DA:21,12
DA:22,12
DA:23,12
DA:24,12
DA:26,12
DA:27,12
DA:28,1
DA:33,12
DA:34,12
DA:35,12
DA:36,12
DA:37,12
DA:38,12
DA:39,12
DA:41,12
DA:43,12
LF:29
LH:29
BRDA:26,0,0,12
BRDA:26,0,1,0
BRF:2
BRH:1
end_of_record
TN:
SF:src\prisma.ts
FNF:0
FNH:0
DA:1,13
DA:2,13
DA:3,13
DA:4,13
DA:6,13
DA:7,13
DA:8,0
DA:11,13
DA:15,13
DA:17,13
LF:10
LH:9
BRDA:7,0,0,0
BRDA:7,0,1,13
BRF:2
BRH:1
end_of_record
TN:
SF:src\swagger.ts
FNF:0
FNH:0
DA:1,12
DA:3,12
LF:2
LH:2
BRF:0
BRH:0
end_of_record
TN:
SF:src\controllers\auth.controller.ts
FN:8,(anonymous_9)
FN:32,(anonymous_10)
FNF:2
FNH:2
FNDA:26,(anonymous_9)
FNDA:25,(anonymous_10)
DA:2,12
DA:3,12
DA:4,12
DA:8,12
DA:9,26
DA:17,26
DA:18,0
DA:21,26
DA:29,26
DA:32,12
DA:33,25
DA:35,25
DA:36,0
DA:39,25
DA:40,24
LF:15
LH:13
BRDA:17,0,0,0
BRDA:17,0,1,26
BRDA:17,1,0,26
BRDA:17,1,1,26
BRDA:17,1,2,26
BRDA:17,1,3,26
BRDA:35,2,0,0
BRDA:35,2,1,25
BRDA:35,3,0,25
BRDA:35,3,1,25
BRF:10
BRH:8
end_of_record
TN:
SF:src\controllers\bookings.controller.ts
FN:6,(anonymous_9)
FN:23,(anonymous_10)
FN:29,(anonymous_11)
FN:35,(anonymous_12)
FN:43,(anonymous_13)
FN:51,(anonymous_14)
FNF:6
FNH:6
FNDA:5,(anonymous_9)
FNDA:1,(anonymous_10)
FNDA:1,(anonymous_11)
FNDA:1,(anonymous_12)
FNDA:1,(anonymous_13)
FNDA:1,(anonymous_14)
DA:2,12
DA:3,12
DA:4,12
DA:6,12
DA:7,5
DA:9,5
DA:15,5
DA:16,0
DA:19,5
DA:20,5
DA:23,12
DA:24,1
DA:25,1
DA:26,1
DA:29,12
DA:30,1
DA:31,1
DA:32,1
DA:35,12
DA:36,1
DA:37,1
DA:39,1
DA:40,1
DA:43,12
DA:44,1
DA:45,1
DA:47,1
DA:48,1
DA:51,12
DA:52,1
DA:53,1
DA:55,1
DA:56,1
LF:33
LH:32
BRDA:15,0,0,0
BRDA:15,0,1,5
BRDA:15,1,0,5
BRDA:15,1,1,5
BRDA:15,1,2,5
BRF:5
BRH:4
end_of_record
TN:
SF:src\controllers\properties.controller.ts
FN:6,(anonymous_9)
FN:11,(anonymous_10)
FN:18,(anonymous_11)
FN:46,(anonymous_12)
FN:71,(anonymous_13)
FNF:5
FNH:5
FNDA:1,(anonymous_9)
FNDA:1,(anonymous_10)
FNDA:11,(anonymous_11)
FNDA:2,(anonymous_12)
FNDA:2,(anonymous_13)
DA:2,12
DA:3,12
DA:4,12
DA:6,12
DA:7,1
DA:8,1
DA:11,12
DA:12,1
DA:13,1
DA:14,1
DA:15,1
DA:18,12
DA:19,11
DA:21,11
DA:30,11
DA:31,0
DA:34,11
DA:43,11
DA:46,12
DA:47,2
DA:48,2
DA:50,2
DA:59,2
DA:68,1
DA:71,12
DA:72,2
DA:73,2
DA:75,2
DA:76,1
LF:29
LH:28
BRDA:14,0,0,0
BRDA:14,0,1,1
BRDA:30,1,0,0
BRDA:30,1,1,11
BRDA:30,2,0,11
BRDA:30,2,1,11
BRDA:30,2,2,11
BRF:7
BRH:5
end_of_record
TN:
SF:src\controllers\users.controller.ts
FN:12,updateUser
FN:32,deleteUser
FNF:2
FNH:2
FNDA:2,updateUser
FNDA:1,deleteUser
DA:2,12
DA:3,12
DA:12,12
DA:13,2
DA:14,2
DA:16,2
DA:17,2
DA:20,2
DA:21,2
DA:23,2
DA:24,1
DA:27,1
DA:29,1
DA:32,12
DA:33,1
DA:34,1
DA:36,1
DA:38,1
DA:39,1
DA:41,1
DA:42,0
DA:45,1
DA:46,1
LF:23
LH:22
BRDA:14,0,0,0
BRDA:14,0,1,2
BRDA:23,1,0,1
BRDA:23,1,1,1
BRDA:23,2,0,2
BRDA:23,2,1,2
BRDA:34,3,0,0
BRDA:34,3,1,1
BRDA:41,4,0,0
BRDA:41,4,1,1
BRDA:41,5,0,1
BRDA:41,5,1,1
BRF:12
BRH:9
end_of_record
TN:
SF:src\middleware\auth.ts
FN:24,isJwtPayload
FN:35,requireAuth
FNF:2
FNH:2
FNDA:31,isJwtPayload
FNDA:37,requireAuth
DA:2,13
DA:3,13
DA:13,13
DA:14,13
DA:25,31
DA:27,31
DA:28,31
DA:35,13
DA:36,37
DA:39,37
DA:40,3
DA:43,34
DA:44,34
DA:45,1
DA:48,33
DA:49,33
DA:52,31
DA:53,1
DA:56,30
DA:62,30
DA:65,2
DA:66,1
DA:70,1
DA:71,1
DA:75,0
LF:25
LH:24
BRDA:13,0,0,13
BRDA:13,0,1,0
BRDA:14,1,0,0
BRDA:14,1,1,13
BRDA:25,2,0,0
BRDA:25,2,1,31
BRDA:25,3,0,31
BRDA:25,3,1,31
BRDA:29,4,0,31
BRDA:29,4,1,30
BRDA:29,4,2,30
BRDA:29,4,3,19
BRDA:29,4,4,0
BRDA:39,5,0,3
BRDA:39,5,1,34
BRDA:39,6,0,37
BRDA:39,6,1,35
BRDA:44,7,0,1
BRDA:44,7,1,33
BRDA:52,8,0,1
BRDA:52,8,1,30
BRDA:65,9,0,1
BRDA:65,9,1,1
BRDA:70,10,0,1
BRDA:70,10,1,0
BRF:25
BRH:20
end_of_record
TN:
SF:src\middleware\auth.validation.ts
FN:29,(anonymous_0)
FN:32,(anonymous_1)
FN:49,(anonymous_2)
FN:52,(anonymous_3)
FNF:4
FNH:4
FNDA:30,(anonymous_0)
FNDA:146,(anonymous_1)
FNDA:28,(anonymous_2)
FNDA:56,(anonymous_3)
DA:1,12
DA:3,12
DA:30,30
DA:31,30
DA:32,146
DA:33,30
DA:34,1
DA:36,29
DA:40,12
DA:50,28
DA:51,28
DA:52,56
DA:53,28
DA:54,1
DA:56,27
LF:15
LH:15
BRDA:30,0,0,0
BRDA:30,0,1,30
BRDA:30,1,0,30
BRDA:30,1,1,30
BRDA:33,2,0,1
BRDA:33,2,1,29
BRDA:50,3,0,0
BRDA:50,3,1,28
BRDA:50,4,0,28
BRDA:50,4,1,28
BRDA:53,5,0,1
BRDA:53,5,1,27
BRF:12
BRH:10
end_of_record
TN:
SF:src\middleware\error.ts
FN:10,errorHandler
FNF:1
FNH:1
FNDA:14,errorHandler
DA:10,12
DA:11,14
DA:12,14
DA:13,14
DA:14,14
DA:16,14
DA:17,14
DA:18,14
DA:19,14
DA:20,14
DA:21,14
DA:25,14
DA:26,1
DA:29,14
LF:14
LH:14
BRDA:16,0,0,14
BRDA:16,0,1,0
BRDA:16,1,0,14
BRDA:16,1,1,14
BRDA:18,2,0,13
BRDA:18,2,1,1
BRDA:19,3,0,14
BRDA:19,3,1,0
BRDA:20,4,0,7
BRDA:20,4,1,7
BRDA:21,5,0,10
BRDA:21,5,1,4
BRDA:25,6,0,1
BRDA:25,6,1,13
BRDA:25,7,0,14
BRDA:25,7,1,14
BRDA:31,8,0,10
BRDA:31,8,1,4
BRDA:32,9,0,7
BRDA:32,9,1,7
BRF:20
BRH:18
end_of_record
TN:
SF:src\middleware\role.ts
FN:6,requireRole
FN:7,(anonymous_1)
FNF:2
FNH:2
FNDA:120,requireRole
FNDA:26,(anonymous_1)
DA:2,12
DA:6,12
DA:7,120
DA:8,26
DA:9,0
DA:12,26
DA:13,1
DA:16,25
LF:8
LH:7
BRDA:8,0,0,0
BRDA:8,0,1,26
BRDA:12,1,0,1
BRDA:12,1,1,25
BRF:4
BRH:3
end_of_record
TN:
SF:src\middleware\users.validation.ts
FN:12,(anonymous_0)
FN:44,(anonymous_1)
FN:47,(anonymous_2)
FNF:3
FNH:3
FNDA:2,(anonymous_0)
FNDA:2,(anonymous_1)
FNDA:2,(anonymous_2)
DA:1,12
DA:3,12
DA:9,12
DA:14,2
DA:15,2
DA:16,2
DA:17,0
DA:19,2
DA:45,2
DA:46,2
DA:47,2
DA:48,2
DA:49,0
DA:51,2
DA:55,12
LF:15
LH:13
BRDA:14,0,0,0
BRDA:14,0,1,2
BRDA:14,1,0,2
BRDA:14,1,1,2
BRDA:16,2,0,0
BRDA:16,2,1,2
BRDA:45,3,0,0
BRDA:45,3,1,2
BRDA:45,4,0,2
BRDA:45,4,1,2
BRDA:48,5,0,0
BRDA:48,5,1,2
BRF:12
BRH:8
end_of_record
TN:
SF:src\middleware\validation.ts
FN:5,handleValidationErrors
FN:12,(anonymous_1)
FNF:2
FNH:2
FNDA:61,handleValidationErrors
FNDA:13,(anonymous_1)
DA:1,12
DA:3,12
DA:5,12
DA:6,61
DA:8,61
DA:9,7
DA:12,13
DA:20,54
LF:8
LH:8
BRDA:8,0,0,7
BRDA:8,0,1,54
BRDA:13,1,0,13
BRDA:13,1,1,0
BRDA:13,1,2,0
BRF:5
BRH:3
end_of_record
TN:
SF:src\routes\auth.routes.ts
FNF:0
FNH:0
DA:82,12
DA:83,12
DA:84,12
DA:85,12
DA:86,12
DA:89,12
DA:91,12
DA:98,12
DA:105,12
LF:9
LH:9
BRF:0
BRH:0
end_of_record
TN:
SF:src\routes\bookings.routes.ts
FNF:0
FNH:0
DA:271,12
DA:272,12
DA:273,12
DA:274,12
DA:283,12
DA:286,12
DA:287,12
DA:288,12
DA:291,12
DA:292,12
DA:293,12
DA:295,12
LF:12
LH:12
BRF:0
BRH:0
end_of_record
TN:
SF:src\routes\me.routes.ts
FN:26,(anonymous_0)
FNF:1
FNH:0
FNDA:0,(anonymous_0)
DA:21,12
DA:22,12
DA:24,12
DA:26,12
DA:27,0
DA:30,12
LF:6
LH:5
BRF:0
BRH:0
end_of_record
TN:
SF:src\routes\properties.routes.ts
FNF:0
FNH:0
DA:240,12
DA:241,12
DA:248,12
DA:249,12
DA:251,12
DA:254,12
DA:255,12
DA:258,12
DA:259,12
DA:260,12
DA:261,12
DA:263,12
LF:12
LH:12
BRF:0
BRH:0
end_of_record
TN:
SF:src\routes\users.routes.ts
FNF:0
FNH:0
DA:1,12
DA:2,12
DA:3,12
DA:4,12
DA:5,12
DA:6,12
DA:8,12
DA:10,12
DA:18,12
DA:26,12
LF:10
LH:10
BRF:0
BRH:0
end_of_record
TN:
SF:src\services\auth.service.ts
FN:8,getJwtSecret
FN:14,register
FN:47,login
FNF:3
FNH:3
FNDA:24,getJwtSecret
FNDA:26,register
FNDA:25,login
DA:1,12
DA:2,12
DA:3,12
DA:4,12
DA:9,24
DA:10,24
DA:11,24
DA:14,12
DA:21,26
DA:23,26
DA:24,26
DA:26,26
DA:28,26
DA:47,12
DA:48,25
DA:49,25
DA:51,25
DA:52,25
DA:54,24
DA:60,24
LF:20
LH:20
BRDA:10,0,0,0
BRDA:10,0,1,24
BRDA:21,1,0,13
BRDA:21,1,1,13
BRDA:24,2,0,0
BRDA:24,2,1,26
BRDA:49,3,0,0
BRDA:49,3,1,25
BRDA:52,4,0,1
BRDA:52,4,1,24
BRF:10
BRH:7
end_of_record
TN:
SF:src\services\bookings.service.ts
FN:5,parseISODate
FN:12,daysBetween
FN:17,createBooking
FN:73,listMyBookings
FN:93,listOwnerBookings
FN:114,confirmBooking
FN:141,cancelByOwner
FN:168,cancelByTenant
FNF:8
FNH:8
FNDA:10,parseISODate
FNDA:5,daysBetween
FNDA:5,createBooking
FNDA:1,listMyBookings
FNDA:1,listOwnerBookings
FNDA:1,confirmBooking
FNDA:1,cancelByOwner
FNDA:1,cancelByTenant
DA:1,12
DA:2,12
DA:3,12
DA:7,10
DA:8,10
DA:9,10
DA:13,5
DA:14,5
DA:17,12
DA:25,5
DA:26,5
DA:28,5
DA:30,5
DA:34,5
DA:36,5
DA:45,5
DA:47,5
DA:48,5
DA:50,5
DA:73,12
DA:74,1
DA:93,12
DA:94,1
DA:114,12
DA:115,1
DA:120,1
DA:121,1
DA:122,1
DA:124,1
DA:141,12
DA:142,1
DA:147,1
DA:148,1
DA:149,1
DA:151,1
DA:168,12
DA:169,1
DA:171,1
DA:172,1
DA:173,1
DA:174,1
DA:176,1
LF:42
LH:42
BRDA:8,0,0,0
BRDA:8,0,1,10
BRDA:28,1,0,0
BRDA:28,1,1,5
BRDA:34,2,0,0
BRDA:34,2,1,5
BRDA:45,3,0,0
BRDA:45,3,1,5
BRDA:120,4,0,0
BRDA:120,4,1,1
BRDA:121,5,0,0
BRDA:121,5,1,1
BRDA:122,6,0,0
BRDA:122,6,1,1
BRDA:147,7,0,0
BRDA:147,7,1,1
BRDA:148,8,0,0
BRDA:148,8,1,1
BRDA:149,9,0,0
BRDA:149,9,1,1
BRDA:171,10,0,0
BRDA:171,10,1,1
BRDA:172,11,0,0
BRDA:172,11,1,1
BRDA:173,12,0,0
BRDA:173,12,1,1
BRDA:174,13,0,0
BRDA:174,13,1,1
BRF:28
BRH:14
end_of_record
TN:
SF:src\services\properties.service.ts
FN:5,listProperties
FN:23,getPropertyById
FN:41,createProperty
FN:83,updateProperty
FN:139,deleteProperty
FNF:5
FNH:5
FNDA:1,listProperties
FNDA:1,getPropertyById
FNDA:11,createProperty
FNDA:2,updateProperty
FNDA:2,deleteProperty
DA:1,12
DA:2,12
DA:3,12
DA:5,12
DA:6,1
DA:23,12
DA:24,1
DA:41,12
DA:52,11
DA:53,11
DA:55,11
DA:56,11
DA:58,11
DA:83,12
DA:95,2
DA:100,2
DA:101,2
DA:103,1
DA:105,1
DA:106,1
DA:107,1
DA:108,1
DA:110,1
DA:111,0
DA:112,0
DA:115,1
DA:116,0
DA:117,0
DA:118,0
DA:121,1
DA:139,12
DA:140,2
DA:145,2
DA:146,2
DA:148,1
LF:35
LH:30
BRDA:52,0,0,11
BRDA:52,0,1,0
BRDA:53,1,0,0
BRDA:53,1,1,11
BRDA:56,2,0,0
BRDA:56,2,1,11
BRDA:62,3,0,11
BRDA:62,3,1,0
BRDA:65,4,0,11
BRDA:65,4,1,0
BRDA:100,5,0,0
BRDA:100,5,1,2
BRDA:101,6,0,1
BRDA:101,6,1,1
BRDA:105,7,0,1
BRDA:105,7,1,0
BRDA:106,8,0,0
BRDA:106,8,1,1
BRDA:107,9,0,0
BRDA:107,9,1,1
BRDA:108,10,0,0
BRDA:108,10,1,1
BRDA:110,11,0,0
BRDA:110,11,1,1
BRDA:111,12,0,0
BRDA:111,12,1,0
BRDA:115,13,0,0
BRDA:115,13,1,1
BRDA:117,14,0,0
BRDA:117,14,1,0
BRDA:145,15,0,0
BRDA:145,15,1,2
BRDA:146,16,0,1
BRDA:146,16,1,1
BRF:34
BRH:17
end_of_record
TN:
SF:src\services\users.service.ts
FN:11,updateUser
FN:46,deleteUser
FNF:2
FNH:2
FNDA:1,updateUser
FNDA:1,deleteUser
DA:1,12
DA:2,12
DA:3,12
DA:11,12
DA:12,1
DA:13,1
DA:14,0
DA:17,1
DA:19,1
DA:20,1
DA:22,1
DA:23,0
DA:24,0
DA:27,1
DA:28,0
DA:31,1
DA:46,12
DA:47,1
DA:48,1
DA:49,0
DA:52,1
LF:21
LH:16
BRDA:13,0,0,0
BRDA:13,0,1,1
BRDA:19,1,0,1
BRDA:19,1,1,0
BRDA:20,2,0,0
BRDA:20,2,1,1
BRDA:22,3,0,0
BRDA:22,3,1,1
BRDA:27,4,0,0
BRDA:27,4,1,1
BRDA:48,5,0,0
BRDA:48,5,1,1
BRF:12
BRH:6
end_of_record
TN:
SF:src\utils\appError.ts
FN:6,(anonymous_0)
FNF:1
FNH:1
FNDA:19,(anonymous_0)
DA:1,13
DA:7,19
DA:8,19
DA:9,19
DA:10,19
LF:5
LH:5
BRF:0
BRH:0
end_of_record
TN:
SF:src\utils\asyncHandler.ts
FN:4,(anonymous_0)
FN:5,(anonymous_1)
FNF:2
FNH:2
FNDA:204,(anonymous_0)
FNDA:132,(anonymous_1)
DA:3,12
DA:4,12
DA:5,204
DA:6,132
LF:4
LH:4
BRF:0
BRH:0
end_of_record
